{"/home/travis/build/npmtest/node-npmtest-strongloop/test.js":{"path":"/home/travis/build/npmtest/node-npmtest-strongloop/test.js","s":{"1":2,"2":2,"3":2,"4":2,"5":2,"6":2,"7":2,"8":1,"9":2,"10":2,"11":1,"12":1,"13":1,"14":1,"15":2,"16":2,"17":2,"18":2,"19":1,"20":1,"21":2,"22":2,"23":2,"24":1,"25":1,"26":1,"27":1,"28":1,"29":1,"30":1,"31":1,"32":1,"33":1,"34":1,"35":1,"36":1,"37":1,"38":1,"39":2,"40":2,"41":1,"42":2,"43":2,"44":1,"45":2,"46":2,"47":1,"48":2,"49":2,"50":1,"51":1,"52":1,"53":1,"54":1},"b":{"1":[2,1,1,1],"2":[1,1,1,1],"3":[1,1],"4":[1,1],"5":[1,1],"6":[1,1],"7":[1,1],"8":[1,1],"9":[1,1],"10":[1,1,1],"11":[1,1],"12":[1,1],"13":[1,1],"14":[1,1],"15":[1,1],"16":[1,1],"17":[1,1]},"f":{"1":2,"2":2,"3":2,"4":2,"5":2,"6":1,"7":1,"8":1,"9":2,"10":2,"11":2,"12":2,"13":1},"fnMap":{"1":{"name":"(anonymous_1)","line":12,"loc":{"start":{"line":12,"column":1},"end":{"line":12,"column":13}}},"2":{"name":"(anonymous_2)","line":19,"loc":{"start":{"line":19,"column":5},"end":{"line":19,"column":17}}},"3":{"name":"(anonymous_3)","line":23,"loc":{"start":{"line":23,"column":24},"end":{"line":23,"column":36}}},"4":{"name":"(anonymous_4)","line":61,"loc":{"start":{"line":61,"column":5},"end":{"line":61,"column":17}}},"5":{"name":"(anonymous_5)","line":82,"loc":{"start":{"line":82,"column":5},"end":{"line":82,"column":17}}},"6":{"name":"(anonymous_6)","line":91,"loc":{"start":{"line":91,"column":77},"end":{"line":94,"column":10}}},"7":{"name":"(anonymous_7)","line":112,"loc":{"start":{"line":112,"column":83},"end":{"line":115,"column":10}},"skip":true},"8":{"name":"(anonymous_8)","line":123,"loc":{"start":{"line":123,"column":77},"end":{"line":126,"column":10}},"skip":true},"9":{"name":"(anonymous_9)","line":139,"loc":{"start":{"line":139,"column":12},"end":{"line":139,"column":40}},"skip":true},"10":{"name":"(anonymous_10)","line":147,"loc":{"start":{"line":147,"column":77},"end":{"line":150,"column":10}},"skip":true},"11":{"name":"(anonymous_11)","line":158,"loc":{"start":{"line":158,"column":83},"end":{"line":161,"column":10}},"skip":true},"12":{"name":"(anonymous_12)","line":169,"loc":{"start":{"line":169,"column":79},"end":{"line":172,"column":10}},"skip":true},"13":{"name":"(anonymous_13)","line":180,"loc":{"start":{"line":180,"column":75},"end":{"line":183,"column":10}},"skip":true}},"statementMap":{"1":{"start":{"line":12,"column":0},"end":{"line":195,"column":5}},"2":{"start":{"line":14,"column":4},"end":{"line":14,"column":14}},"3":{"start":{"line":19,"column":4},"end":{"line":56,"column":9}},"4":{"start":{"line":21,"column":8},"end":{"line":21,"column":19}},"5":{"start":{"line":23,"column":8},"end":{"line":35,"column":13}},"6":{"start":{"line":24,"column":12},"end":{"line":34,"column":13}},"7":{"start":{"line":25,"column":16},"end":{"line":28,"column":30}},"8":{"start":{"line":30,"column":16},"end":{"line":33,"column":27}},"9":{"start":{"line":37,"column":8},"end":{"line":39,"column":21}},"10":{"start":{"line":40,"column":8},"end":{"line":53,"column":9}},"11":{"start":{"line":43,"column":12},"end":{"line":46,"column":14}},"12":{"start":{"line":47,"column":12},"end":{"line":47,"column":18}},"13":{"start":{"line":50,"column":12},"end":{"line":51,"column":46}},"14":{"start":{"line":52,"column":12},"end":{"line":52,"column":18}},"15":{"start":{"line":55,"column":8},"end":{"line":55,"column":35}},"16":{"start":{"line":61,"column":4},"end":{"line":63,"column":9}},"17":{"start":{"line":62,"column":8},"end":{"line":62,"column":15}},"18":{"start":{"line":64,"column":4},"end":{"line":77,"column":5}},"19":{"start":{"line":70,"column":8},"end":{"line":70,"column":14}},"20":{"start":{"line":76,"column":8},"end":{"line":76,"column":14}},"21":{"start":{"line":82,"column":4},"end":{"line":84,"column":9}},"22":{"start":{"line":83,"column":8},"end":{"line":83,"column":15}},"23":{"start":{"line":85,"column":4},"end":{"line":194,"column":5}},"24":{"start":{"line":91,"column":8},"end":{"line":99,"column":10}},"25":{"start":{"line":98,"column":12},"end":{"line":98,"column":35}},"26":{"start":{"line":102,"column":8},"end":{"line":104,"column":63}},"27":{"start":{"line":105,"column":8},"end":{"line":105,"column":14}},"28":{"start":{"line":112,"column":8},"end":{"line":121,"column":10},"skip":true},"29":{"start":{"line":119,"column":12},"end":{"line":119,"column":55},"skip":true},"30":{"start":{"line":120,"column":12},"end":{"line":120,"column":48},"skip":true},"31":{"start":{"line":123,"column":8},"end":{"line":136,"column":10},"skip":true},"32":{"start":{"line":130,"column":12},"end":{"line":130,"column":76},"skip":true},"33":{"start":{"line":131,"column":12},"end":{"line":131,"column":73},"skip":true},"34":{"start":{"line":132,"column":12},"end":{"line":132,"column":74},"skip":true},"35":{"start":{"line":133,"column":12},"end":{"line":133,"column":79},"skip":true},"36":{"start":{"line":134,"column":12},"end":{"line":134,"column":25},"skip":true},"37":{"start":{"line":135,"column":12},"end":{"line":135,"column":45},"skip":true},"38":{"start":{"line":138,"column":8},"end":{"line":145,"column":14},"skip":true},"39":{"start":{"line":143,"column":16},"end":{"line":143,"column":29},"skip":true},"40":{"start":{"line":144,"column":16},"end":{"line":144,"column":55},"skip":true},"41":{"start":{"line":147,"column":8},"end":{"line":156,"column":10},"skip":true},"42":{"start":{"line":154,"column":12},"end":{"line":154,"column":25},"skip":true},"43":{"start":{"line":155,"column":12},"end":{"line":155,"column":45},"skip":true},"44":{"start":{"line":158,"column":8},"end":{"line":167,"column":10},"skip":true},"45":{"start":{"line":165,"column":12},"end":{"line":165,"column":25},"skip":true},"46":{"start":{"line":166,"column":12},"end":{"line":166,"column":48},"skip":true},"47":{"start":{"line":169,"column":8},"end":{"line":178,"column":10},"skip":true},"48":{"start":{"line":176,"column":12},"end":{"line":176,"column":25},"skip":true},"49":{"start":{"line":177,"column":12},"end":{"line":177,"column":46},"skip":true},"50":{"start":{"line":180,"column":8},"end":{"line":189,"column":10},"skip":true},"51":{"start":{"line":187,"column":12},"end":{"line":187,"column":94},"skip":true},"52":{"start":{"line":188,"column":12},"end":{"line":188,"column":48},"skip":true},"53":{"start":{"line":192,"column":8},"end":{"line":192,"column":35},"skip":true},"54":{"start":{"line":193,"column":8},"end":{"line":193,"column":14},"skip":true}},"branchMap":{"1":{"line":25,"type":"binary-expr","locations":[{"start":{"line":25,"column":23},"end":{"line":25,"column":62}},{"start":{"line":26,"column":20},"end":{"line":26,"column":70}},{"start":{"line":27,"column":20},"end":{"line":27,"column":71}},{"start":{"line":28,"column":20},"end":{"line":28,"column":29}}]},"2":{"line":30,"type":"binary-expr","locations":[{"start":{"line":30,"column":23},"end":{"line":30,"column":37}},{"start":{"line":31,"column":20},"end":{"line":31,"column":61}},{"start":{"line":32,"column":20},"end":{"line":32,"column":70}},{"start":{"line":33,"column":20},"end":{"line":33,"column":26}}]},"3":{"line":37,"type":"cond-expr","locations":[{"start":{"line":38,"column":14},"end":{"line":38,"column":20}},{"start":{"line":39,"column":14},"end":{"line":39,"column":20}}]},"4":{"line":40,"type":"switch","locations":[{"start":{"line":42,"column":8},"end":{"line":47,"column":18}},{"start":{"line":49,"column":8},"end":{"line":52,"column":18}}]},"5":{"line":44,"type":"binary-expr","locations":[{"start":{"line":44,"column":16},"end":{"line":44,"column":44}},{"start":{"line":44,"column":48},"end":{"line":44,"column":66}}]},"6":{"line":50,"type":"binary-expr","locations":[{"start":{"line":50,"column":21},"end":{"line":50,"column":49}},{"start":{"line":50,"column":53},"end":{"line":50,"column":72}}]},"7":{"line":64,"type":"switch","locations":[{"start":{"line":69,"column":4},"end":{"line":70,"column":14}},{"start":{"line":75,"column":4},"end":{"line":76,"column":14}}]},"8":{"line":85,"type":"switch","locations":[{"start":{"line":90,"column":4},"end":{"line":105,"column":14}},{"start":{"line":111,"column":4},"end":{"line":193,"column":14},"skip":true}]},"9":{"line":91,"type":"binary-expr","locations":[{"start":{"line":91,"column":42},"end":{"line":91,"column":73}},{"start":{"line":91,"column":77},"end":{"line":99,"column":9}}]},"10":{"line":102,"type":"binary-expr","locations":[{"start":{"line":102,"column":18},"end":{"line":102,"column":32}},{"start":{"line":103,"column":12},"end":{"line":103,"column":53}},{"start":{"line":104,"column":12},"end":{"line":104,"column":61}}]},"11":{"line":112,"type":"binary-expr","locations":[{"start":{"line":112,"column":45},"end":{"line":112,"column":79},"skip":true},{"start":{"line":112,"column":83},"end":{"line":121,"column":9},"skip":true}]},"12":{"line":123,"type":"binary-expr","locations":[{"start":{"line":123,"column":42},"end":{"line":123,"column":73},"skip":true},{"start":{"line":123,"column":77},"end":{"line":136,"column":9},"skip":true}]},"13":{"line":138,"type":"binary-expr","locations":[{"start":{"line":138,"column":48},"end":{"line":138,"column":85},"skip":true},{"start":{"line":139,"column":12},"end":{"line":145,"column":13},"skip":true}]},"14":{"line":147,"type":"binary-expr","locations":[{"start":{"line":147,"column":42},"end":{"line":147,"column":73},"skip":true},{"start":{"line":147,"column":77},"end":{"line":156,"column":9},"skip":true}]},"15":{"line":158,"type":"binary-expr","locations":[{"start":{"line":158,"column":45},"end":{"line":158,"column":79},"skip":true},{"start":{"line":158,"column":83},"end":{"line":167,"column":9},"skip":true}]},"16":{"line":169,"type":"binary-expr","locations":[{"start":{"line":169,"column":43},"end":{"line":169,"column":75},"skip":true},{"start":{"line":169,"column":79},"end":{"line":178,"column":9},"skip":true}]},"17":{"line":180,"type":"binary-expr","locations":[{"start":{"line":180,"column":41},"end":{"line":180,"column":71},"skip":true},{"start":{"line":180,"column":75},"end":{"line":189,"column":9},"skip":true}]}},"code":["/* istanbul instrument in package npmtest_strongloop */","/*jslint","    bitwise: true,","    browser: true,","    maxerr: 8,","    maxlen: 96,","    node: true,","    nomen: true,","    regexp: true,","    stupid: true","*/","(function () {","    'use strict';","    var local;","","","","    // run shared js-env code - pre-init","    (function () {","        // init local","        local = {};","        // init modeJs","        local.modeJs = (function () {","            try {","                return typeof navigator.userAgent === 'string' &&","                    typeof document.querySelector('body') === 'object' &&","                    typeof XMLHttpRequest.prototype.open === 'function' &&","                    'browser';","            } catch (errorCaughtBrowser) {","                return module.exports &&","                    typeof process.versions.node === 'string' &&","                    typeof require('http').createServer === 'function' &&","                    'node';","            }","        }());","        // init global","        local.global = local.modeJs === 'browser'","            ? window","            : global;","        switch (local.modeJs) {","        // re-init local from window.local","        case 'browser':","            local = local.global.utility2.objectSetDefault(","                local.global.utility2_rollup || local.global.local,","                local.global.utility2","            );","            break;","        // re-init local from example.js","        case 'node':","            local = (local.global.utility2_rollup || require('utility2'))","                .requireExampleJsFromReadme();","            break;","        }","        // export local","        local.global.local = local;","    }());","","","","    // run shared js-env code - function","    (function () {","        return;","    }());","    switch (local.modeJs) {","","","","    // run browser js-env code - function","    case 'browser':","        break;","","","","    // run node js-env code - function","    case 'node':","        break;","    }","","","","    // run shared js-env code - post-init","    (function () {","        return;","    }());","    switch (local.modeJs) {","","","","    // run browser js-env code - post-init","    case 'browser':","        local.testCase_browser_nullCase = local.testCase_browser_nullCase || function (","            options,","            onError","        ) {","        /*","         * this function will test browsers's null-case handling-behavior-behavior","         */","            onError(null, options);","        };","","        // run tests","        local.nop(local.modeTest &&","            document.querySelector('#testRunButton1') &&","            document.querySelector('#testRunButton1').click());","        break;","","","","    // run node js-env code - post-init","    /* istanbul ignore next */","    case 'node':","        local.testCase_buildApidoc_default = local.testCase_buildApidoc_default || function (","            options,","            onError","        ) {","        /*","         * this function will test buildApidoc's default handling-behavior-behavior","         */","            options = { modulePathList: module.paths };","            local.buildApidoc(options, onError);","        };","","        local.testCase_buildApp_default = local.testCase_buildApp_default || function (","            options,","            onError","        ) {","        /*","         * this function will test buildApp's default handling-behavior-behavior","         */","            local.testCase_buildReadme_default(options, local.onErrorThrow);","            local.testCase_buildLib_default(options, local.onErrorThrow);","            local.testCase_buildTest_default(options, local.onErrorThrow);","            local.testCase_buildCustomOrg_default(options, local.onErrorThrow);","            options = [];","            local.buildApp(options, onError);","        };","","        local.testCase_buildCustomOrg_default = local.testCase_buildCustomOrg_default ||","            function (options, onError) {","            /*","             * this function will test buildCustomOrg's default handling-behavior","             */","                options = {};","                local.buildCustomOrg(options, onError);","            };","","        local.testCase_buildLib_default = local.testCase_buildLib_default || function (","            options,","            onError","        ) {","        /*","         * this function will test buildLib's default handling-behavior","         */","            options = {};","            local.buildLib(options, onError);","        };","","        local.testCase_buildReadme_default = local.testCase_buildReadme_default || function (","            options,","            onError","        ) {","        /*","         * this function will test buildReadme's default handling-behavior-behavior","         */","            options = {};","            local.buildReadme(options, onError);","        };","","        local.testCase_buildTest_default = local.testCase_buildTest_default || function (","            options,","            onError","        ) {","        /*","         * this function will test buildTest's default handling-behavior","         */","            options = {};","            local.buildTest(options, onError);","        };","","        local.testCase_webpage_default = local.testCase_webpage_default || function (","            options,","            onError","        ) {","        /*","         * this function will test webpage's default handling-behavior","         */","            options = { modeCoverageMerge: true, url: local.serverLocalHost + '?modeTest=1' };","            local.browserTest(options, onError);","        };","","        // run test-server","        local.testRunServer(local);","        break;","    }","}());",""],"l":{"12":2,"14":2,"19":2,"21":2,"23":2,"24":2,"25":2,"30":1,"37":2,"40":2,"43":1,"47":1,"50":1,"52":1,"55":2,"61":2,"62":2,"64":2,"70":1,"76":1,"82":2,"83":2,"85":2,"91":1,"98":1,"102":1,"105":1,"112":1,"119":1,"120":1,"123":1,"130":1,"131":1,"132":1,"133":1,"134":1,"135":1,"138":1,"143":2,"144":2,"147":1,"154":2,"155":2,"158":1,"165":2,"166":2,"169":1,"176":2,"177":2,"180":1,"187":1,"188":1,"192":1,"193":1}},"/home/travis/build/npmtest/node-npmtest-strongloop/lib.npmtest_strongloop.js":{"path":"/home/travis/build/npmtest/node-npmtest-strongloop/lib.npmtest_strongloop.js","s":{"1":2,"2":2,"3":2,"4":2,"5":2,"6":2,"7":2,"8":1,"9":2,"10":2,"11":2,"12":2,"13":1,"14":1,"15":1,"16":1},"b":{"1":[2,1,1,1],"2":[1,1,1,1],"3":[1,1],"4":[2,2],"5":[1,1]},"f":{"1":2,"2":2,"3":2},"fnMap":{"1":{"name":"(anonymous_1)","line":12,"loc":{"start":{"line":12,"column":1},"end":{"line":12,"column":13}}},"2":{"name":"(anonymous_2)","line":19,"loc":{"start":{"line":19,"column":5},"end":{"line":19,"column":17}}},"3":{"name":"(anonymous_3)","line":23,"loc":{"start":{"line":23,"column":24},"end":{"line":23,"column":36}}}},"statementMap":{"1":{"start":{"line":12,"column":0},"end":{"line":53,"column":5}},"2":{"start":{"line":14,"column":4},"end":{"line":14,"column":14}},"3":{"start":{"line":19,"column":4},"end":{"line":52,"column":9}},"4":{"start":{"line":21,"column":8},"end":{"line":21,"column":19}},"5":{"start":{"line":23,"column":8},"end":{"line":35,"column":13}},"6":{"start":{"line":24,"column":12},"end":{"line":34,"column":13}},"7":{"start":{"line":25,"column":16},"end":{"line":28,"column":30}},"8":{"start":{"line":30,"column":16},"end":{"line":33,"column":27}},"9":{"start":{"line":37,"column":8},"end":{"line":39,"column":21}},"10":{"start":{"line":41,"column":8},"end":{"line":41,"column":54}},"11":{"start":{"line":43,"column":8},"end":{"line":43,"column":55}},"12":{"start":{"line":45,"column":8},"end":{"line":51,"column":9}},"13":{"start":{"line":46,"column":12},"end":{"line":46,"column":61}},"14":{"start":{"line":48,"column":12},"end":{"line":48,"column":35}},"15":{"start":{"line":49,"column":12},"end":{"line":49,"column":49}},"16":{"start":{"line":50,"column":12},"end":{"line":50,"column":43}}},"branchMap":{"1":{"line":25,"type":"binary-expr","locations":[{"start":{"line":25,"column":23},"end":{"line":25,"column":62}},{"start":{"line":26,"column":20},"end":{"line":26,"column":70}},{"start":{"line":27,"column":20},"end":{"line":27,"column":71}},{"start":{"line":28,"column":20},"end":{"line":28,"column":29}}]},"2":{"line":30,"type":"binary-expr","locations":[{"start":{"line":30,"column":23},"end":{"line":30,"column":37}},{"start":{"line":31,"column":20},"end":{"line":31,"column":61}},{"start":{"line":32,"column":20},"end":{"line":32,"column":70}},{"start":{"line":33,"column":20},"end":{"line":33,"column":26}}]},"3":{"line":37,"type":"cond-expr","locations":[{"start":{"line":38,"column":14},"end":{"line":38,"column":20}},{"start":{"line":39,"column":14},"end":{"line":39,"column":20}}]},"4":{"line":41,"type":"binary-expr","locations":[{"start":{"line":41,"column":16},"end":{"line":41,"column":44}},{"start":{"line":41,"column":48},"end":{"line":41,"column":53}}]},"5":{"line":45,"type":"if","locations":[{"start":{"line":45,"column":8},"end":{"line":45,"column":8}},{"start":{"line":45,"column":8},"end":{"line":45,"column":8}}]}},"code":["/* istanbul instrument in package npmtest_strongloop */","/*jslint","    bitwise: true,","    browser: true,","    maxerr: 8,","    maxlen: 96,","    node: true,","    nomen: true,","    regexp: true,","    stupid: true","*/","(function () {","    'use strict';","    var local;","","","","    // run shared js-env code - pre-init","    (function () {","        // init local","        local = {};","        // init modeJs","        local.modeJs = (function () {","            try {","                return typeof navigator.userAgent === 'string' &&","                    typeof document.querySelector('body') === 'object' &&","                    typeof XMLHttpRequest.prototype.open === 'function' &&","                    'browser';","            } catch (errorCaughtBrowser) {","                return module.exports &&","                    typeof process.versions.node === 'string' &&","                    typeof require('http').createServer === 'function' &&","                    'node';","            }","        }());","        // init global","        local.global = local.modeJs === 'browser'","            ? window","            : global;","        // init utility2_rollup","        local = local.global.utility2_rollup || local;","        // init lib","        local.local = local.npmtest_strongloop = local;","        // init exports","        if (local.modeJs === 'browser') {","            local.global.utility2_npmtest_strongloop = local;","        } else {","            module.exports = local;","            module.exports.__dirname = __dirname;","            module.exports.module = module;","        }","    }());","}());",""],"l":{"12":2,"14":2,"19":2,"21":2,"23":2,"24":2,"25":2,"30":1,"37":2,"41":2,"43":2,"45":2,"46":1,"48":1,"49":1,"50":1}},"/home/travis/build/npmtest/node-npmtest-strongloop/example.js":{"path":"/home/travis/build/npmtest/node-npmtest-strongloop/example.js","s":{"1":2,"2":2,"3":2,"4":2,"5":2,"6":2,"7":2,"8":1,"9":2,"10":2,"11":2,"12":2,"13":1,"14":2,"15":2,"16":2,"17":2,"18":2,"19":0,"20":2,"21":1,"22":1,"23":1,"24":1,"25":1,"26":0,"27":0,"28":1,"29":1,"30":2,"31":0,"32":0,"33":0,"34":1,"35":2,"36":2,"37":3,"38":3,"39":3,"40":3,"41":0,"42":3,"43":3,"44":3,"45":1,"46":3,"47":1,"48":1,"49":1,"50":1,"51":1,"52":1,"53":1,"54":1,"55":1,"56":1,"57":0,"58":1,"59":6,"60":6,"61":1,"62":2,"63":0,"64":2,"65":1,"66":1,"67":0,"68":0,"69":0,"70":0,"71":0,"72":0,"73":0,"74":0,"75":0,"76":0,"77":0,"78":0,"79":0,"80":0,"81":0,"82":0,"83":0},"b":{"1":[2,1,1,1],"2":[1,1,1,1],"3":[1,1],"4":[2,2],"5":[1,1],"6":[1,1],"7":[2,0],"8":[2,1,1,1,1,1],"9":[0,2,0],"10":[1,1],"11":[2,1,1],"12":[1,0],"13":[0,2],"14":[2,0,0,0,0,0,0],"15":[0,3],"16":[3,0],"17":[1,1],"18":[0,1],"19":[1,2,0,2],"20":[1,0],"21":[1,1],"22":[0,0],"23":[0,0],"24":[0,0],"25":[0,0],"26":[0,0],"27":[0,0],"28":[0,0]},"f":{"1":2,"2":2,"3":2,"4":2,"5":2,"6":2,"7":3,"8":3,"9":3,"10":1,"11":6,"12":0},"fnMap":{"1":{"name":"(anonymous_1)","line":26,"loc":{"start":{"line":26,"column":1},"end":{"line":26,"column":13}}},"2":{"name":"(anonymous_2)","line":33,"loc":{"start":{"line":33,"column":5},"end":{"line":33,"column":17}}},"3":{"name":"(anonymous_3)","line":37,"loc":{"start":{"line":37,"column":24},"end":{"line":37,"column":36}}},"4":{"name":"(anonymous_4)","line":69,"loc":{"start":{"line":69,"column":31},"end":{"line":69,"column":48}},"skip":true},"5":{"name":"(anonymous_5)","line":78,"loc":{"start":{"line":78,"column":26},"end":{"line":78,"column":45}},"skip":true},"6":{"name":"(anonymous_6)","line":123,"loc":{"start":{"line":123,"column":33},"end":{"line":123,"column":48}},"skip":true},"7":{"name":"(anonymous_7)","line":125,"loc":{"start":{"line":125,"column":27},"end":{"line":125,"column":39}},"skip":true},"8":{"name":"(anonymous_8)","line":133,"loc":{"start":{"line":133,"column":59},"end":{"line":133,"column":74}},"skip":true},"9":{"name":"(anonymous_9)","line":143,"loc":{"start":{"line":143,"column":45},"end":{"line":143,"column":62}},"skip":true},"10":{"name":"(anonymous_10)","line":144,"loc":{"start":{"line":144,"column":73},"end":{"line":144,"column":92}},"skip":true},"11":{"name":"(anonymous_11)","line":272,"loc":{"start":{"line":272,"column":51},"end":{"line":272,"column":77}},"skip":true},"12":{"name":"(anonymous_12)","line":315,"loc":{"start":{"line":315,"column":32},"end":{"line":315,"column":61}},"skip":true}},"statementMap":{"1":{"start":{"line":26,"column":0},"end":{"line":326,"column":5}},"2":{"start":{"line":28,"column":4},"end":{"line":28,"column":14}},"3":{"start":{"line":33,"column":4},"end":{"line":60,"column":9}},"4":{"start":{"line":35,"column":8},"end":{"line":35,"column":19}},"5":{"start":{"line":37,"column":8},"end":{"line":49,"column":13}},"6":{"start":{"line":38,"column":12},"end":{"line":48,"column":13}},"7":{"start":{"line":39,"column":16},"end":{"line":42,"column":30}},"8":{"start":{"line":44,"column":16},"end":{"line":47,"column":27}},"9":{"start":{"line":51,"column":8},"end":{"line":53,"column":21}},"10":{"start":{"line":55,"column":8},"end":{"line":57,"column":45}},"11":{"start":{"line":59,"column":8},"end":{"line":59,"column":35}},"12":{"start":{"line":61,"column":4},"end":{"line":325,"column":5}},"13":{"start":{"line":69,"column":8},"end":{"line":121,"column":10},"skip":true},"14":{"start":{"line":70,"column":12},"end":{"line":88,"column":13},"skip":true},"15":{"start":{"line":76,"column":16},"end":{"line":87,"column":19},"skip":true},"16":{"start":{"line":79,"column":20},"end":{"line":86,"column":21},"skip":true},"17":{"start":{"line":82,"column":24},"end":{"line":82,"column":43},"skip":true},"18":{"start":{"line":83,"column":24},"end":{"line":83,"column":30},"skip":true},"19":{"start":{"line":85,"column":24},"end":{"line":85,"column":49},"skip":true},"20":{"start":{"line":89,"column":12},"end":{"line":107,"column":13},"skip":true},"21":{"start":{"line":92,"column":16},"end":{"line":102,"column":17},"skip":true},"22":{"start":{"line":93,"column":20},"end":{"line":93,"column":86},"skip":true},"23":{"start":{"line":94,"column":20},"end":{"line":95,"column":45},"skip":true},"24":{"start":{"line":96,"column":20},"end":{"line":96,"column":42},"skip":true},"25":{"start":{"line":97,"column":20},"end":{"line":97,"column":48},"skip":true},"26":{"start":{"line":100,"column":20},"end":{"line":100,"column":85},"skip":true},"27":{"start":{"line":101,"column":20},"end":{"line":101,"column":96},"skip":true},"28":{"start":{"line":103,"column":16},"end":{"line":103,"column":22},"skip":true},"29":{"start":{"line":106,"column":16},"end":{"line":106,"column":22},"skip":true},"30":{"start":{"line":108,"column":12},"end":{"line":120,"column":13},"skip":true},"31":{"start":{"line":114,"column":16},"end":{"line":119,"column":17},"skip":true},"32":{"start":{"line":116,"column":20},"end":{"line":116,"column":78},"skip":true},"33":{"start":{"line":118,"column":20},"end":{"line":118,"column":47},"skip":true},"34":{"start":{"line":123,"column":8},"end":{"line":141,"column":11},"skip":true},"35":{"start":{"line":124,"column":12},"end":{"line":124,"column":54},"skip":true},"36":{"start":{"line":125,"column":12},"end":{"line":140,"column":14},"skip":true},"37":{"start":{"line":126,"column":16},"end":{"line":126,"column":28},"skip":true},"38":{"start":{"line":127,"column":16},"end":{"line":127,"column":69},"skip":true},"39":{"start":{"line":128,"column":16},"end":{"line":128,"column":75},"skip":true},"40":{"start":{"line":129,"column":16},"end":{"line":131,"column":17},"skip":true},"41":{"start":{"line":130,"column":20},"end":{"line":130,"column":27},"skip":true},"42":{"start":{"line":133,"column":16},"end":{"line":137,"column":36},"skip":true},"43":{"start":{"line":134,"column":20},"end":{"line":136,"column":55},"skip":true},"44":{"start":{"line":139,"column":16},"end":{"line":139,"column":57},"skip":true},"45":{"start":{"line":143,"column":8},"end":{"line":147,"column":11},"skip":true},"46":{"start":{"line":144,"column":12},"end":{"line":146,"column":15},"skip":true},"47":{"start":{"line":145,"column":16},"end":{"line":145,"column":70},"skip":true},"48":{"start":{"line":149,"column":8},"end":{"line":149,"column":31},"skip":true},"49":{"start":{"line":150,"column":8},"end":{"line":150,"column":14},"skip":true},"50":{"start":{"line":158,"column":8},"end":{"line":158,"column":31},"skip":true},"51":{"start":{"line":160,"column":8},"end":{"line":160,"column":33},"skip":true},"52":{"start":{"line":161,"column":8},"end":{"line":161,"column":37},"skip":true},"53":{"start":{"line":162,"column":8},"end":{"line":162,"column":35},"skip":true},"54":{"start":{"line":164,"column":8},"end":{"line":164,"column":50},"skip":true},"55":{"start":{"line":166,"column":8},"end":{"line":256,"column":2},"skip":true},"56":{"start":{"line":258,"column":8},"end":{"line":286,"column":9},"skip":true},"57":{"start":{"line":259,"column":12},"end":{"line":269,"column":14},"skip":true},"58":{"start":{"line":271,"column":12},"end":{"line":285,"column":19},"skip":true},"59":{"start":{"line":274,"column":20},"end":{"line":274,"column":35},"skip":true},"60":{"start":{"line":275,"column":20},"end":{"line":284,"column":21},"skip":true},"61":{"start":{"line":277,"column":24},"end":{"line":277,"column":64},"skip":true},"62":{"start":{"line":279,"column":24},"end":{"line":279,"column":40},"skip":true},"63":{"start":{"line":281,"column":24},"end":{"line":281,"column":40},"skip":true},"64":{"start":{"line":283,"column":24},"end":{"line":283,"column":39},"skip":true},"65":{"start":{"line":288,"column":8},"end":{"line":290,"column":9},"skip":true},"66":{"start":{"line":289,"column":12},"end":{"line":289,"column":18},"skip":true},"67":{"start":{"line":291,"column":8},"end":{"line":293,"column":54},"skip":true},"68":{"start":{"line":296,"column":8},"end":{"line":301,"column":37},"skip":true},"69":{"start":{"line":303,"column":8},"end":{"line":303,"column":82},"skip":true},"70":{"start":{"line":306,"column":8},"end":{"line":308,"column":9},"skip":true},"71":{"start":{"line":307,"column":12},"end":{"line":307,"column":82},"skip":true},"72":{"start":{"line":310,"column":8},"end":{"line":312,"column":9},"skip":true},"73":{"start":{"line":311,"column":12},"end":{"line":311,"column":18},"skip":true},"74":{"start":{"line":313,"column":8},"end":{"line":313,"column":54},"skip":true},"75":{"start":{"line":314,"column":8},"end":{"line":314,"column":69},"skip":true},"76":{"start":{"line":315,"column":8},"end":{"line":323,"column":36},"skip":true},"77":{"start":{"line":316,"column":12},"end":{"line":316,"column":61},"skip":true},"78":{"start":{"line":317,"column":12},"end":{"line":320,"column":13},"skip":true},"79":{"start":{"line":318,"column":16},"end":{"line":318,"column":75},"skip":true},"80":{"start":{"line":319,"column":16},"end":{"line":319,"column":23},"skip":true},"81":{"start":{"line":321,"column":12},"end":{"line":321,"column":38},"skip":true},"82":{"start":{"line":322,"column":12},"end":{"line":322,"column":27},"skip":true},"83":{"start":{"line":324,"column":8},"end":{"line":324,"column":14},"skip":true}},"branchMap":{"1":{"line":39,"type":"binary-expr","locations":[{"start":{"line":39,"column":23},"end":{"line":39,"column":62}},{"start":{"line":40,"column":20},"end":{"line":40,"column":70}},{"start":{"line":41,"column":20},"end":{"line":41,"column":71}},{"start":{"line":42,"column":20},"end":{"line":42,"column":29}}]},"2":{"line":44,"type":"binary-expr","locations":[{"start":{"line":44,"column":23},"end":{"line":44,"column":37}},{"start":{"line":45,"column":20},"end":{"line":45,"column":61}},{"start":{"line":46,"column":20},"end":{"line":46,"column":70}},{"start":{"line":47,"column":20},"end":{"line":47,"column":26}}]},"3":{"line":51,"type":"cond-expr","locations":[{"start":{"line":52,"column":14},"end":{"line":52,"column":20}},{"start":{"line":53,"column":14},"end":{"line":53,"column":20}}]},"4":{"line":55,"type":"binary-expr","locations":[{"start":{"line":55,"column":16},"end":{"line":55,"column":44}},{"start":{"line":55,"column":49},"end":{"line":57,"column":43}}]},"5":{"line":55,"type":"cond-expr","locations":[{"start":{"line":56,"column":14},"end":{"line":56,"column":54}},{"start":{"line":57,"column":14},"end":{"line":57,"column":43}}]},"6":{"line":61,"type":"switch","locations":[{"start":{"line":68,"column":4},"end":{"line":150,"column":14},"skip":true},{"start":{"line":156,"column":4},"end":{"line":324,"column":14},"skip":true}]},"7":{"line":70,"type":"if","locations":[{"start":{"line":70,"column":12},"end":{"line":70,"column":12},"skip":true},{"start":{"line":70,"column":12},"end":{"line":70,"column":12},"skip":true}]},"8":{"line":70,"type":"binary-expr","locations":[{"start":{"line":70,"column":16},"end":{"line":70,"column":22},"skip":true},{"start":{"line":70,"column":27},"end":{"line":70,"column":32},"skip":true},{"start":{"line":71,"column":20},"end":{"line":71,"column":39},"skip":true},{"start":{"line":72,"column":20},"end":{"line":72,"column":49},"skip":true},{"start":{"line":73,"column":20},"end":{"line":73,"column":58},"skip":true},{"start":{"line":74,"column":20},"end":{"line":74,"column":69},"skip":true}]},"9":{"line":79,"type":"switch","locations":[{"start":{"line":80,"column":20},"end":{"line":80,"column":33},"skip":true},{"start":{"line":81,"column":20},"end":{"line":83,"column":30},"skip":true},{"start":{"line":84,"column":20},"end":{"line":85,"column":49},"skip":true}]},"10":{"line":89,"type":"switch","locations":[{"start":{"line":90,"column":12},"end":{"line":103,"column":22},"skip":true},{"start":{"line":105,"column":12},"end":{"line":106,"column":22},"skip":true}]},"11":{"line":89,"type":"binary-expr","locations":[{"start":{"line":89,"column":20},"end":{"line":89,"column":25},"skip":true},{"start":{"line":89,"column":29},"end":{"line":89,"column":48},"skip":true},{"start":{"line":89,"column":52},"end":{"line":89,"column":74},"skip":true}]},"12":{"line":92,"type":"if","locations":[{"start":{"line":92,"column":16},"end":{"line":92,"column":16},"skip":true},{"start":{"line":92,"column":16},"end":{"line":92,"column":16},"skip":true}]},"13":{"line":108,"type":"if","locations":[{"start":{"line":108,"column":12},"end":{"line":108,"column":12},"skip":true},{"start":{"line":108,"column":12},"end":{"line":108,"column":12},"skip":true}]},"14":{"line":108,"type":"binary-expr","locations":[{"start":{"line":108,"column":16},"end":{"line":108,"column":61},"skip":true},{"start":{"line":108,"column":66},"end":{"line":108,"column":72},"skip":true},{"start":{"line":108,"column":77},"end":{"line":108,"column":82},"skip":true},{"start":{"line":109,"column":20},"end":{"line":109,"column":39},"skip":true},{"start":{"line":110,"column":20},"end":{"line":110,"column":49},"skip":true},{"start":{"line":111,"column":20},"end":{"line":111,"column":58},"skip":true},{"start":{"line":112,"column":20},"end":{"line":112,"column":68},"skip":true}]},"15":{"line":129,"type":"if","locations":[{"start":{"line":129,"column":16},"end":{"line":129,"column":16},"skip":true},{"start":{"line":129,"column":16},"end":{"line":129,"column":16},"skip":true}]},"16":{"line":134,"type":"cond-expr","locations":[{"start":{"line":135,"column":26},"end":{"line":135,"column":29},"skip":true},{"start":{"line":136,"column":26},"end":{"line":136,"column":54},"skip":true}]},"17":{"line":164,"type":"binary-expr","locations":[{"start":{"line":164,"column":27},"end":{"line":164,"column":43},"skip":true},{"start":{"line":164,"column":47},"end":{"line":164,"column":49},"skip":true}]},"18":{"line":258,"type":"if","locations":[{"start":{"line":258,"column":8},"end":{"line":258,"column":8},"skip":true},{"start":{"line":258,"column":8},"end":{"line":258,"column":8},"skip":true}]},"19":{"line":275,"type":"switch","locations":[{"start":{"line":276,"column":20},"end":{"line":277,"column":64},"skip":true},{"start":{"line":278,"column":20},"end":{"line":279,"column":40},"skip":true},{"start":{"line":280,"column":20},"end":{"line":281,"column":40},"skip":true},{"start":{"line":282,"column":20},"end":{"line":283,"column":39},"skip":true}]},"20":{"line":288,"type":"if","locations":[{"start":{"line":288,"column":8},"end":{"line":288,"column":8},"skip":true},{"start":{"line":288,"column":8},"end":{"line":288,"column":8},"skip":true}]},"21":{"line":288,"type":"binary-expr","locations":[{"start":{"line":288,"column":12},"end":{"line":288,"column":40},"skip":true},{"start":{"line":288,"column":44},"end":{"line":288,"column":67},"skip":true}]},"22":{"line":292,"type":"binary-expr","locations":[{"start":{"line":292,"column":12},"end":{"line":292,"column":50},"skip":true},{"start":{"line":293,"column":12},"end":{"line":293,"column":53},"skip":true}]},"23":{"line":297,"type":"binary-expr","locations":[{"start":{"line":297,"column":12},"end":{"line":297,"column":68},"skip":true},{"start":{"line":298,"column":12},"end":{"line":301,"column":36},"skip":true}]},"24":{"line":303,"type":"binary-expr","locations":[{"start":{"line":303,"column":43},"end":{"line":303,"column":75},"skip":true},{"start":{"line":303,"column":79},"end":{"line":303,"column":81},"skip":true}]},"25":{"line":306,"type":"if","locations":[{"start":{"line":306,"column":8},"end":{"line":306,"column":8},"skip":true},{"start":{"line":306,"column":8},"end":{"line":306,"column":8},"skip":true}]},"26":{"line":310,"type":"if","locations":[{"start":{"line":310,"column":8},"end":{"line":310,"column":8},"skip":true},{"start":{"line":310,"column":8},"end":{"line":310,"column":8},"skip":true}]},"27":{"line":313,"type":"binary-expr","locations":[{"start":{"line":313,"column":27},"end":{"line":313,"column":43},"skip":true},{"start":{"line":313,"column":47},"end":{"line":313,"column":53},"skip":true}]},"28":{"line":317,"type":"if","locations":[{"start":{"line":317,"column":12},"end":{"line":317,"column":12},"skip":true},{"start":{"line":317,"column":12},"end":{"line":317,"column":12},"skip":true}]}},"code":["/*","example.js","","quickstart example","","instruction","    1. save this script as example.js","    2. run the shell command:","        $ npm install npmtest-strongloop && PORT=8081 node example.js","    3. play with the browser-demo on http://127.0.0.1:8081","*/","","","","/* istanbul instrument in package npmtest_strongloop */","/*jslint","    bitwise: true,","    browser: true,","    maxerr: 8,","    maxlen: 96,","    node: true,","    nomen: true,","    regexp: true,","    stupid: true","*/","(function () {","    'use strict';","    var local;","","","","    // run shared js-env code - pre-init","    (function () {","        // init local","        local = {};","        // init modeJs","        local.modeJs = (function () {","            try {","                return typeof navigator.userAgent === 'string' &&","                    typeof document.querySelector('body') === 'object' &&","                    typeof XMLHttpRequest.prototype.open === 'function' &&","                    'browser';","            } catch (errorCaughtBrowser) {","                return module.exports &&","                    typeof process.versions.node === 'string' &&","                    typeof require('http').createServer === 'function' &&","                    'node';","            }","        }());","        // init global","        local.global = local.modeJs === 'browser'","            ? window","            : global;","        // init utility2_rollup","        local = local.global.utility2_rollup || (local.modeJs === 'browser'","            ? local.global.utility2_npmtest_strongloop","            : global.utility2_moduleExports);","        // export local","        local.global.local = local;","    }());","    switch (local.modeJs) {","","","","    // post-init","    // run browser js-env code - post-init","    /* istanbul ignore next */","    case 'browser':","        local.testRunBrowser = function (event) {","            if (!event || (event &&","                    event.currentTarget &&","                    event.currentTarget.className &&","                    event.currentTarget.className.includes &&","                    event.currentTarget.className.includes('onreset'))) {","                // reset output","                Array.from(","                    document.querySelectorAll('body > .resettable')","                ).forEach(function (element) {","                    switch (element.tagName) {","                    case 'INPUT':","                    case 'TEXTAREA':","                        element.value = '';","                        break;","                    default:","                        element.textContent = '';","                    }","                });","            }","            switch (event && event.currentTarget && event.currentTarget.id) {","            case 'testRunButton1':","                // show tests","                if (document.querySelector('#testReportDiv1').style.display === 'none') {","                    document.querySelector('#testReportDiv1').style.display = 'block';","                    document.querySelector('#testRunButton1').textContent =","                        'hide internal test';","                    local.modeTest = true;","                    local.testRunDefault(local);","                // hide tests","                } else {","                    document.querySelector('#testReportDiv1').style.display = 'none';","                    document.querySelector('#testRunButton1').textContent = 'run internal test';","                }","                break;","            // custom-case","            default:","                break;","            }","            if (document.querySelector('#inputTextareaEval1') && (!event || (event &&","                    event.currentTarget &&","                    event.currentTarget.className &&","                    event.currentTarget.className.includes &&","                    event.currentTarget.className.includes('oneval')))) {","                // try to eval input-code","                try {","                    /*jslint evil: true*/","                    eval(document.querySelector('#inputTextareaEval1').value);","                } catch (errorCaught) {","                    console.error(errorCaught);","                }","            }","        };","        // log stderr and stdout to #outputTextareaStdout1","        ['error', 'log'].forEach(function (key) {","            console[key + '_original'] = console[key];","            console[key] = function () {","                var element;","                console[key + '_original'].apply(console, arguments);","                element = document.querySelector('#outputTextareaStdout1');","                if (!element) {","                    return;","                }","                // append text to #outputTextareaStdout1","                element.value += Array.from(arguments).map(function (arg) {","                    return typeof arg === 'string'","                        ? arg","                        : JSON.stringify(arg, null, 4);","                }).join(' ') + '\\n';","                // scroll textarea to bottom","                element.scrollTop = element.scrollHeight;","            };","        });","        // init event-handling","        ['change', 'click', 'keyup'].forEach(function (event) {","            Array.from(document.querySelectorAll('.on' + event)).forEach(function (element) {","                element.addEventListener(event, local.testRunBrowser);","            });","        });","        // run tests","        local.testRunBrowser();","        break;","","","","    // run node js-env code - post-init","    /* istanbul ignore next */","    case 'node':","        // export local","        module.exports = local;","        // require modules","        local.fs = require('fs');","        local.http = require('http');","        local.url = require('url');","        // init assets","        local.assetsDict = local.assetsDict || {};","        /* jslint-ignore-begin */","        local.assetsDict['/assets.index.template.html'] = '\\","<!doctype html>\\n\\","<html lang=\"en\">\\n\\","<head>\\n\\","<meta charset=\"UTF-8\">\\n\\","<meta name=\"viewport\" content=\"width=device-width, initial-scale=1\">\\n\\","<title>{{env.npm_package_name}} (v{{env.npm_package_version}})</title>\\n\\","<style>\\n\\","/*csslint\\n\\","    box-sizing: false,\\n\\","    universal-selector: false\\n\\","*/\\n\\","* {\\n\\","    box-sizing: border-box;\\n\\","}\\n\\","body {\\n\\","    background: #dde;\\n\\","    font-family: Arial, Helvetica, sans-serif;\\n\\","    margin: 2rem;\\n\\","}\\n\\","body > * {\\n\\","    margin-bottom: 1rem;\\n\\","}\\n\\",".utility2FooterDiv {\\n\\","    margin-top: 20px;\\n\\","    text-align: center;\\n\\","}\\n\\","</style>\\n\\","<style>\\n\\","/*csslint\\n\\","*/\\n\\","textarea {\\n\\","    font-family: monospace;\\n\\","    height: 10rem;\\n\\","    width: 100%;\\n\\","}\\n\\","textarea[readonly] {\\n\\","    background: #ddd;\\n\\","}\\n\\","</style>\\n\\","</head>\\n\\","<body>\\n\\","<!-- utility2-comment\\n\\","<div id=\"ajaxProgressDiv1\" style=\"background: #d00; height: 2px; left: 0; margin: 0; padding: 0; position: fixed; top: 0; transition: background 0.5s, width 1.5s; width: 25%;\"></div>\\n\\","utility2-comment -->\\n\\","<h1>\\n\\","<!-- utility2-comment\\n\\","    <a\\n\\","        {{#if env.npm_package_homepage}}\\n\\","        href=\"{{env.npm_package_homepage}}\"\\n\\","        {{/if env.npm_package_homepage}}\\n\\","        target=\"_blank\"\\n\\","    >\\n\\","utility2-comment -->\\n\\","        {{env.npm_package_name}} (v{{env.npm_package_version}})\\n\\","<!-- utility2-comment\\n\\","    </a>\\n\\","utility2-comment -->\\n\\","</h1>\\n\\","<h3>{{env.npm_package_description}}</h3>\\n\\","<!-- utility2-comment\\n\\","<h4><a download href=\"assets.app.js\">download standalone app</a></h4>\\n\\","<button class=\"onclick onreset\" id=\"testRunButton1\">run internal test</button><br>\\n\\","<div id=\"testReportDiv1\" style=\"display: none;\"></div>\\n\\","utility2-comment -->\\n\\","\\n\\","\\n\\","\\n\\","<label>stderr and stdout</label>\\n\\","<textarea class=\"resettable\" id=\"outputTextareaStdout1\" readonly></textarea>\\n\\","<!-- utility2-comment\\n\\","{{#if isRollup}}\\n\\","<script src=\"assets.app.js\"></script>\\n\\","{{#unless isRollup}}\\n\\","utility2-comment -->\\n\\","<script src=\"assets.utility2.rollup.js\"></script>\\n\\","<script src=\"jsonp.utility2._stateInit?callback=window.utility2._stateInit\"></script>\\n\\","<script src=\"assets.npmtest_strongloop.rollup.js\"></script>\\n\\","<script src=\"assets.example.js\"></script>\\n\\","<script src=\"assets.test.js\"></script>\\n\\","<!-- utility2-comment\\n\\","{{/if isRollup}}\\n\\","utility2-comment -->\\n\\","<div class=\"utility2FooterDiv\">\\n\\","    [ this app was created with\\n\\","    <a href=\"https://github.com/kaizhu256/node-utility2\" target=\"_blank\">utility2</a>\\n\\","    ]\\n\\","</div>\\n\\","</body>\\n\\","</html>\\n\\","';","        /* jslint-ignore-end */","        if (local.templateRender) {","            local.assetsDict['/'] = local.templateRender(","                local.assetsDict['/assets.index.template.html'],","                {","                    env: local.objectSetDefault(local.env, {","                        npm_package_description: 'the greatest app in the world!',","                        npm_package_name: 'my-app',","                        npm_package_nameAlias: 'my_app',","                        npm_package_version: '0.0.1'","                    })","                }","            );","        } else {","            local.assetsDict['/'] = local.assetsDict['/assets.index.template.html']","                .replace((/\\{\\{env\\.(\\w+?)\\}\\}/g), function (match0, match1) {","                    // jslint-hack","                    String(match0);","                    switch (match1) {","                    case 'npm_package_description':","                        return 'the greatest app in the world!';","                    case 'npm_package_name':","                        return 'my-app';","                    case 'npm_package_nameAlias':","                        return 'my_app';","                    case 'npm_package_version':","                        return '0.0.1';","                    }","                });","        }","        // run the cli","        if (local.global.utility2_rollup || module !== require.main) {","            break;","        }","        local.assetsDict['/assets.example.js'] =","            local.assetsDict['/assets.example.js'] ||","            local.fs.readFileSync(__filename, 'utf8');","        // bug-workaround - long $npm_package_buildCustomOrg","        /* jslint-ignore-begin */","        local.assetsDict['/assets.npmtest_strongloop.rollup.js'] =","            local.assetsDict['/assets.npmtest_strongloop.rollup.js'] ||","            local.fs.readFileSync(","                local.npmtest_strongloop.__dirname + '/lib.npmtest_strongloop.js',","                'utf8'","            ).replace((/^#!/), '//');","        /* jslint-ignore-end */","        local.assetsDict['/favicon.ico'] = local.assetsDict['/favicon.ico'] || '';","        // if $npm_config_timeout_exit exists,","        // then exit this process after $npm_config_timeout_exit ms","        if (Number(process.env.npm_config_timeout_exit)) {","            setTimeout(process.exit, Number(process.env.npm_config_timeout_exit));","        }","        // start server","        if (local.global.utility2_serverHttp1) {","            break;","        }","        process.env.PORT = process.env.PORT || '8081';","        console.error('server starting on port ' + process.env.PORT);","        local.http.createServer(function (request, response) {","            request.urlParsed = local.url.parse(request.url);","            if (local.assetsDict[request.urlParsed.pathname] !== undefined) {","                response.end(local.assetsDict[request.urlParsed.pathname]);","                return;","            }","            response.statusCode = 404;","            response.end();","        }).listen(process.env.PORT);","        break;","    }","}());",""],"l":{"26":2,"28":2,"33":2,"35":2,"37":2,"38":2,"39":2,"44":1,"51":2,"55":2,"59":2,"61":2,"69":1,"70":2,"76":2,"79":2,"82":2,"83":2,"85":1,"89":2,"92":1,"93":1,"94":1,"96":1,"97":1,"100":1,"101":1,"103":1,"106":1,"108":2,"114":1,"116":1,"118":1,"123":1,"124":2,"125":2,"126":3,"127":3,"128":3,"129":3,"130":1,"133":3,"134":3,"139":3,"143":1,"144":3,"145":1,"149":1,"150":1,"158":1,"160":1,"161":1,"162":1,"164":1,"166":1,"258":1,"259":1,"271":1,"274":6,"275":6,"277":1,"279":2,"281":1,"283":2,"288":1,"289":1,"291":1,"296":1,"303":1,"306":1,"307":1,"310":1,"311":1,"313":1,"314":1,"315":1,"316":1,"317":1,"318":1,"319":1,"321":1,"322":1,"324":1}},"/home/travis/build/npmtest/node-npmtest-strongloop/node_modules/strongloop/bin/slc.js":{"path":"/home/travis/build/npmtest/node-npmtest-strongloop/node_modules/strongloop/bin/slc.js","s":{"1":1,"2":0,"3":0},"b":{},"f":{"1":0},"fnMap":{"1":{"name":"(anonymous_1)","line":11,"loc":{"start":{"line":11,"column":15},"end":{"line":11,"column":29}}}},"statementMap":{"1":{"start":{"line":7,"column":0},"end":{"line":15,"column":9}},"2":{"start":{"line":12,"column":4},"end":{"line":12,"column":31}},"3":{"start":{"line":13,"column":4},"end":{"line":13,"column":20}}},"branchMap":{},"code":["//#!/usr/bin/env node","// Copyright IBM Corp. 2015,2016. All Rights Reserved.","// Node module: strongloop","// This file is licensed under the Artistic License 2.0.","// License text available at https://opensource.org/licenses/Artistic-2.0","","require('../lib/loader')","  .createLoader({","    manuals: require('path').resolve(__dirname, '..', 'man')","  })","  .on('error', function(err) {","    console.error(err.message);","    process.exit(1);","  })","  .run();",""],"l":{"7":1,"12":0,"13":0}},"/home/travis/build/npmtest/node-npmtest-strongloop/node_modules/strongloop/lib/loader.js":{"path":"/home/travis/build/npmtest/node-npmtest-strongloop/node_modules/strongloop/lib/loader.js","s":{"1":1,"2":1,"3":1,"4":1,"5":1,"6":1,"7":1,"8":1,"9":2,"10":1,"11":1,"12":1,"13":1,"14":1,"15":1,"16":1,"17":1,"18":1,"19":1,"20":1,"21":1,"22":0,"23":1,"24":1,"25":1,"26":1,"27":1,"28":1,"29":1,"30":1,"31":1,"32":1,"33":0,"34":1,"35":0,"36":1,"37":1,"38":0,"39":0,"40":0,"41":0,"42":0,"43":0,"44":0,"45":0,"46":0,"47":0,"48":0,"49":1,"50":1,"51":0,"52":0,"53":0,"54":0,"55":0,"56":0,"57":0,"58":0,"59":0,"60":0,"61":0,"62":0,"63":0,"64":0,"65":0,"66":0,"67":0,"68":1,"69":1,"70":0,"71":0,"72":0,"73":1,"74":1,"75":1,"76":1,"77":1,"78":0,"79":0,"80":0,"81":0,"82":0,"83":0,"84":1,"85":1,"86":0,"87":0,"88":0,"89":0,"90":1,"91":1,"92":1,"93":1,"94":1,"95":1,"96":1,"97":1,"98":0,"99":0,"100":0,"101":0,"102":0,"103":0,"104":0,"105":0,"106":1},"b":{"1":[1,1],"2":[1,0],"3":[1,1],"4":[1,1],"5":[1,1],"6":[1,1],"7":[1,0],"8":[0,0],"9":[1,1],"10":[1,1],"11":[0,1],"12":[1,1],"13":[0,1],"14":[1,1,1],"15":[1,0],"16":[0,0],"17":[0,0],"18":[0,0],"19":[0,0],"20":[0,0,0],"21":[0,0],"22":[0,0],"23":[0,0],"24":[0,0],"25":[0,0],"26":[0,0],"27":[0,0],"28":[0,0],"29":[0,0],"30":[0,0],"31":[0,0]},"f":{"1":2,"2":0,"3":1,"4":1,"5":0,"6":0,"7":1,"8":0,"9":0,"10":1,"11":1},"fnMap":{"1":{"name":"CommandLoader","line":42,"loc":{"start":{"line":42,"column":0},"end":{"line":42,"column":28}}},"2":{"name":"isCommand","line":65,"loc":{"start":{"line":65,"column":0},"end":{"line":65,"column":27}}},"3":{"name":"parse","line":80,"loc":{"start":{"line":80,"column":0},"end":{"line":80,"column":30}}},"4":{"name":"run","line":92,"loc":{"start":{"line":92,"column":0},"end":{"line":92,"column":19}}},"5":{"name":"loadCommand","line":139,"loc":{"start":{"line":139,"column":0},"end":{"line":139,"column":27}}},"6":{"name":"getUsage","line":187,"loc":{"start":{"line":187,"column":0},"end":{"line":187,"column":24}}},"7":{"name":"printUsage","line":195,"loc":{"start":{"line":195,"column":0},"end":{"line":195,"column":26}}},"8":{"name":"getRun","line":206,"loc":{"start":{"line":206,"column":0},"end":{"line":206,"column":22}}},"9":{"name":"error","line":228,"loc":{"start":{"line":228,"column":0},"end":{"line":228,"column":17}}},"10":{"name":"loadManual","line":248,"loc":{"start":{"line":248,"column":0},"end":{"line":248,"column":26}}},"11":{"name":"filename","line":253,"loc":{"start":{"line":253,"column":2},"end":{"line":253,"column":25}}}},"statementMap":{"1":{"start":{"line":12,"column":0},"end":{"line":12,"column":31}},"2":{"start":{"line":13,"column":0},"end":{"line":13,"column":36}},"3":{"start":{"line":14,"column":0},"end":{"line":14,"column":50}},"4":{"start":{"line":15,"column":0},"end":{"line":15,"column":23}},"5":{"start":{"line":16,"column":0},"end":{"line":16,"column":27}},"6":{"start":{"line":17,"column":0},"end":{"line":17,"column":35}},"7":{"start":{"line":18,"column":0},"end":{"line":18,"column":27}},"8":{"start":{"line":42,"column":0},"end":{"line":55,"column":1}},"9":{"start":{"line":43,"column":2},"end":{"line":45,"column":3}},"10":{"start":{"line":44,"column":4},"end":{"line":44,"column":34}},"11":{"start":{"line":47,"column":2},"end":{"line":47,"column":18}},"12":{"start":{"line":49,"column":2},"end":{"line":49,"column":62}},"13":{"start":{"line":50,"column":2},"end":{"line":50,"column":21}},"14":{"start":{"line":51,"column":2},"end":{"line":51,"column":35}},"15":{"start":{"line":52,"column":2},"end":{"line":52,"column":45}},"16":{"start":{"line":53,"column":2},"end":{"line":53,"column":43}},"17":{"start":{"line":54,"column":2},"end":{"line":54,"column":37}},"18":{"start":{"line":56,"column":0},"end":{"line":56,"column":43}},"19":{"start":{"line":57,"column":0},"end":{"line":57,"column":43}},"20":{"start":{"line":64,"column":0},"end":{"line":64,"column":36}},"21":{"start":{"line":65,"column":0},"end":{"line":67,"column":1}},"22":{"start":{"line":66,"column":2},"end":{"line":66,"column":54}},"23":{"start":{"line":79,"column":0},"end":{"line":79,"column":38}},"24":{"start":{"line":80,"column":0},"end":{"line":82,"column":1}},"25":{"start":{"line":81,"column":2},"end":{"line":81,"column":52}},"26":{"start":{"line":91,"column":0},"end":{"line":91,"column":34}},"27":{"start":{"line":92,"column":0},"end":{"line":129,"column":1}},"28":{"start":{"line":93,"column":2},"end":{"line":93,"column":18}},"29":{"start":{"line":94,"column":2},"end":{"line":94,"column":67}},"30":{"start":{"line":95,"column":2},"end":{"line":95,"column":21}},"31":{"start":{"line":97,"column":2},"end":{"line":97,"column":54}},"32":{"start":{"line":99,"column":2},"end":{"line":121,"column":3}},"33":{"start":{"line":100,"column":4},"end":{"line":100,"column":34}},"34":{"start":{"line":101,"column":9},"end":{"line":121,"column":3}},"35":{"start":{"line":103,"column":4},"end":{"line":103,"column":34}},"36":{"start":{"line":104,"column":9},"end":{"line":121,"column":3}},"37":{"start":{"line":105,"column":4},"end":{"line":105,"column":34}},"38":{"start":{"line":108,"column":4},"end":{"line":108,"column":40}},"39":{"start":{"line":111,"column":4},"end":{"line":120,"column":5}},"40":{"start":{"line":112,"column":6},"end":{"line":112,"column":56}},"41":{"start":{"line":113,"column":6},"end":{"line":113,"column":33}},"42":{"start":{"line":114,"column":11},"end":{"line":120,"column":5}},"43":{"start":{"line":115,"column":6},"end":{"line":117,"column":22}},"44":{"start":{"line":119,"column":6},"end":{"line":119,"column":43}},"45":{"start":{"line":123,"column":2},"end":{"line":123,"column":18}},"46":{"start":{"line":125,"column":2},"end":{"line":125,"column":44}},"47":{"start":{"line":126,"column":2},"end":{"line":126,"column":31}},"48":{"start":{"line":128,"column":2},"end":{"line":128,"column":14}},"49":{"start":{"line":138,"column":0},"end":{"line":138,"column":50}},"50":{"start":{"line":139,"column":0},"end":{"line":178,"column":1}},"51":{"start":{"line":140,"column":2},"end":{"line":140,"column":18}},"52":{"start":{"line":141,"column":2},"end":{"line":141,"column":20}},"53":{"start":{"line":143,"column":2},"end":{"line":143,"column":32}},"54":{"start":{"line":144,"column":2},"end":{"line":146,"column":3}},"55":{"start":{"line":145,"column":4},"end":{"line":145,"column":36}},"56":{"start":{"line":147,"column":2},"end":{"line":147,"column":54}},"57":{"start":{"line":149,"column":2},"end":{"line":163,"column":3}},"58":{"start":{"line":150,"column":4},"end":{"line":150,"column":30}},"59":{"start":{"line":152,"column":4},"end":{"line":152,"column":48}},"60":{"start":{"line":154,"column":4},"end":{"line":160,"column":5}},"61":{"start":{"line":159,"column":6},"end":{"line":159,"column":18}},"62":{"start":{"line":162,"column":4},"end":{"line":162,"column":63}},"63":{"start":{"line":165,"column":2},"end":{"line":171,"column":3}},"64":{"start":{"line":166,"column":4},"end":{"line":170,"column":6}},"65":{"start":{"line":173,"column":2},"end":{"line":175,"column":3}},"66":{"start":{"line":174,"column":4},"end":{"line":174,"column":16}},"67":{"start":{"line":177,"column":2},"end":{"line":177,"column":16}},"68":{"start":{"line":186,"column":0},"end":{"line":186,"column":44}},"69":{"start":{"line":187,"column":0},"end":{"line":192,"column":1}},"70":{"start":{"line":188,"column":2},"end":{"line":188,"column":18}},"71":{"start":{"line":189,"column":2},"end":{"line":189,"column":38}},"72":{"start":{"line":191,"column":2},"end":{"line":191,"column":38}},"73":{"start":{"line":194,"column":0},"end":{"line":194,"column":48}},"74":{"start":{"line":195,"column":0},"end":{"line":197,"column":1}},"75":{"start":{"line":196,"column":2},"end":{"line":196,"column":37}},"76":{"start":{"line":205,"column":0},"end":{"line":205,"column":40}},"77":{"start":{"line":206,"column":0},"end":{"line":219,"column":1}},"78":{"start":{"line":207,"column":2},"end":{"line":207,"column":18}},"79":{"start":{"line":208,"column":2},"end":{"line":208,"column":38}},"80":{"start":{"line":210,"column":2},"end":{"line":212,"column":45}},"81":{"start":{"line":214,"column":2},"end":{"line":216,"column":3}},"82":{"start":{"line":215,"column":4},"end":{"line":215,"column":37}},"83":{"start":{"line":218,"column":2},"end":{"line":218,"column":36}},"84":{"start":{"line":227,"column":0},"end":{"line":227,"column":38}},"85":{"start":{"line":228,"column":0},"end":{"line":235,"column":1}},"86":{"start":{"line":229,"column":2},"end":{"line":229,"column":18}},"87":{"start":{"line":230,"column":2},"end":{"line":230,"column":51}},"88":{"start":{"line":232,"column":2},"end":{"line":232,"column":41}},"89":{"start":{"line":234,"column":2},"end":{"line":234,"column":14}},"90":{"start":{"line":247,"column":0},"end":{"line":247,"column":48}},"91":{"start":{"line":248,"column":0},"end":{"line":280,"column":1}},"92":{"start":{"line":249,"column":2},"end":{"line":249,"column":18}},"93":{"start":{"line":251,"column":2},"end":{"line":251,"column":23}},"94":{"start":{"line":253,"column":2},"end":{"line":255,"column":3}},"95":{"start":{"line":254,"column":4},"end":{"line":254,"column":50}},"96":{"start":{"line":259,"column":2},"end":{"line":263,"column":3}},"97":{"start":{"line":260,"column":4},"end":{"line":260,"column":53}},"98":{"start":{"line":265,"column":2},"end":{"line":277,"column":3}},"99":{"start":{"line":266,"column":4},"end":{"line":266,"column":54}},"100":{"start":{"line":268,"column":4},"end":{"line":273,"column":5}},"101":{"start":{"line":270,"column":6},"end":{"line":270,"column":44}},"102":{"start":{"line":271,"column":6},"end":{"line":271,"column":46}},"103":{"start":{"line":272,"column":6},"end":{"line":272,"column":20}},"104":{"start":{"line":274,"column":4},"end":{"line":274,"column":17}},"105":{"start":{"line":279,"column":2},"end":{"line":279,"column":14}},"106":{"start":{"line":282,"column":0},"end":{"line":282,"column":31}}},"branchMap":{"1":{"line":43,"type":"if","locations":[{"start":{"line":43,"column":2},"end":{"line":43,"column":2}},{"start":{"line":43,"column":2},"end":{"line":43,"column":2}}]},"2":{"line":47,"type":"binary-expr","locations":[{"start":{"line":47,"column":8},"end":{"line":47,"column":11}},{"start":{"line":47,"column":15},"end":{"line":47,"column":17}}]},"3":{"line":49,"type":"binary-expr","locations":[{"start":{"line":49,"column":14},"end":{"line":49,"column":22}},{"start":{"line":49,"column":26},"end":{"line":49,"column":61}}]},"4":{"line":51,"type":"binary-expr","locations":[{"start":{"line":51,"column":15},"end":{"line":51,"column":24}},{"start":{"line":51,"column":28},"end":{"line":51,"column":34}}]},"5":{"line":52,"type":"binary-expr","locations":[{"start":{"line":52,"column":18},"end":{"line":52,"column":30}},{"start":{"line":52,"column":34},"end":{"line":52,"column":44}}]},"6":{"line":53,"type":"binary-expr","locations":[{"start":{"line":53,"column":17},"end":{"line":53,"column":28}},{"start":{"line":53,"column":32},"end":{"line":53,"column":42}}]},"7":{"line":54,"type":"binary-expr","locations":[{"start":{"line":54,"column":17},"end":{"line":54,"column":28}},{"start":{"line":54,"column":32},"end":{"line":54,"column":36}}]},"8":{"line":66,"type":"binary-expr","locations":[{"start":{"line":66,"column":9},"end":{"line":66,"column":17}},{"start":{"line":66,"column":21},"end":{"line":66,"column":53}}]},"9":{"line":81,"type":"binary-expr","locations":[{"start":{"line":81,"column":32},"end":{"line":81,"column":39}},{"start":{"line":81,"column":43},"end":{"line":81,"column":45}}]},"10":{"line":94,"type":"binary-expr","locations":[{"start":{"line":94,"column":27},"end":{"line":94,"column":31}},{"start":{"line":94,"column":36},"end":{"line":94,"column":64}}]},"11":{"line":99,"type":"if","locations":[{"start":{"line":99,"column":2},"end":{"line":99,"column":2}},{"start":{"line":99,"column":2},"end":{"line":99,"column":2}}]},"12":{"line":99,"type":"binary-expr","locations":[{"start":{"line":99,"column":6},"end":{"line":99,"column":22}},{"start":{"line":99,"column":26},"end":{"line":99,"column":46}}]},"13":{"line":101,"type":"if","locations":[{"start":{"line":101,"column":9},"end":{"line":101,"column":9}},{"start":{"line":101,"column":9},"end":{"line":101,"column":9}}]},"14":{"line":101,"type":"binary-expr","locations":[{"start":{"line":101,"column":13},"end":{"line":101,"column":29}},{"start":{"line":101,"column":33},"end":{"line":101,"column":56}},{"start":{"line":102,"column":13},"end":{"line":102,"column":34}}]},"15":{"line":104,"type":"if","locations":[{"start":{"line":104,"column":9},"end":{"line":104,"column":9}},{"start":{"line":104,"column":9},"end":{"line":104,"column":9}}]},"16":{"line":111,"type":"if","locations":[{"start":{"line":111,"column":4},"end":{"line":111,"column":4}},{"start":{"line":111,"column":4},"end":{"line":111,"column":4}}]},"17":{"line":114,"type":"if","locations":[{"start":{"line":114,"column":11},"end":{"line":114,"column":11}},{"start":{"line":114,"column":11},"end":{"line":114,"column":11}}]},"18":{"line":144,"type":"if","locations":[{"start":{"line":144,"column":2},"end":{"line":144,"column":2}},{"start":{"line":144,"column":2},"end":{"line":144,"column":2}}]},"19":{"line":154,"type":"if","locations":[{"start":{"line":154,"column":4},"end":{"line":154,"column":4}},{"start":{"line":154,"column":4},"end":{"line":154,"column":4}}]},"20":{"line":154,"type":"binary-expr","locations":[{"start":{"line":154,"column":8},"end":{"line":154,"column":9}},{"start":{"line":154,"column":13},"end":{"line":154,"column":42}},{"start":{"line":155,"column":8},"end":{"line":155,"column":41}}]},"21":{"line":165,"type":"if","locations":[{"start":{"line":165,"column":2},"end":{"line":165,"column":2}},{"start":{"line":165,"column":2},"end":{"line":165,"column":2}}]},"22":{"line":165,"type":"binary-expr","locations":[{"start":{"line":165,"column":6},"end":{"line":165,"column":34}},{"start":{"line":165,"column":38},"end":{"line":165,"column":70}}]},"23":{"line":168,"type":"binary-expr","locations":[{"start":{"line":168,"column":11},"end":{"line":168,"column":21}},{"start":{"line":168,"column":25},"end":{"line":168,"column":31}}]},"24":{"line":173,"type":"if","locations":[{"start":{"line":173,"column":2},"end":{"line":173,"column":2}},{"start":{"line":173,"column":2},"end":{"line":173,"column":2}}]},"25":{"line":191,"type":"cond-expr","locations":[{"start":{"line":191,"column":18},"end":{"line":191,"column":30}},{"start":{"line":191,"column":33},"end":{"line":191,"column":37}}]},"26":{"line":211,"type":"binary-expr","locations":[{"start":{"line":211,"column":12},"end":{"line":211,"column":18}},{"start":{"line":211,"column":22},"end":{"line":211,"column":39}}]},"27":{"line":212,"type":"binary-expr","locations":[{"start":{"line":212,"column":14},"end":{"line":212,"column":20}},{"start":{"line":212,"column":24},"end":{"line":212,"column":43}}]},"28":{"line":214,"type":"if","locations":[{"start":{"line":214,"column":2},"end":{"line":214,"column":2}},{"start":{"line":214,"column":2},"end":{"line":214,"column":2}}]},"29":{"line":214,"type":"binary-expr","locations":[{"start":{"line":214,"column":6},"end":{"line":214,"column":12}},{"start":{"line":214,"column":16},"end":{"line":214,"column":26}}]},"30":{"line":218,"type":"cond-expr","locations":[{"start":{"line":218,"column":18},"end":{"line":218,"column":28}},{"start":{"line":218,"column":31},"end":{"line":218,"column":35}}]},"31":{"line":268,"type":"if","locations":[{"start":{"line":268,"column":4},"end":{"line":268,"column":4}},{"start":{"line":268,"column":4},"end":{"line":268,"column":4}}]}},"code":["// Copyright IBM Corp. 2013,2015. All Rights Reserved.","// Node module: strongloop","// This file is licensed under the Artistic License 2.0.","// License text available at https://opensource.org/licenses/Artistic-2.0","","//","// # CommandLoader","//","// The CommandLoader is responsible for loading and validating Command modules","// present at a configurable location in the filesystem.","//","var assert = require('assert');","var debug = require('debug')('slc');","var EventEmitter = require('events').EventEmitter;","var fs = require('fs');","var path = require('path');","var optimist = require('optimist');","var util = require('util');","","//","// ## CommandLoader `CommandLoader(obj)`","//","// Creates a new instance of CommandLoader with the following options:","//  * root - The location of Command modules in the filesystem, represented as a","//    String. Defaults to a sibling 'commands' folder.","//  * strict - If true, CommandLoader will emit 'error' events if its run with a","//    primary argument that doesn't exist as a command. Otherwise, that argument","//    will be included in the fallback command's arguments. Defaults to `true`.","//  * usage - If `--help` or `-h` are passed as options, this command will be","//    used to generate a usage summary. Defaults to 'help'.","//  * fallback - If an unknown command is specified while running, this command","//    is used instead. Defaults to the same as `usage`.","//  * default - The command to run when no command is specified in argv.","//    Defaults to the same as `usage`.","//  * manuals - If set, this location will be used as a repository of named","//    manual files by loadManual()","//","// Commands are modules required from `root`. They must have a .run function,","// and a .usage string. Or, if module exports justa a function, that function","// will be used as the .run function, and if .usage is undefined it will be","// loaded by loadManual().","function CommandLoader(obj) {","  if (!(this instanceof CommandLoader)) {","    return new CommandLoader(obj);","  }","","  obj = obj || {};","","  this.root = obj.root || path.resolve(__dirname, 'commands');","  this.strict = true;","  this.usage = obj.usage || 'help';","  this.fallback = obj.fallback || this.usage;","  this.default = obj.default || this.usage;","  this.manuals = obj.manuals || null;","}","util.inherits(CommandLoader, EventEmitter);","CommandLoader.createLoader = CommandLoader;","","//","// ## isCommand `CommandLoader.isCommand(module)`","//","// Returns `true` if **module** is a valid Command, `false` otherwise.","//","CommandLoader.isCommand = isCommand;","function isCommand(module) {","  return !!module && typeof module.run === 'function';","}","","//","// ## parse `parse(argv, [options])`","//","// Parses **argv** as an Array of Strings, whether command line arguments or","// similar. If **options** is specified, is it used to configure `optimist`","// accordingly.","//","// Returns an Object with `-f` and `--foo` arguments as members and extraneous","// arguments as members of the `_` Array.","//","CommandLoader.prototype.parse = parse;","function parse(argv, options) {","  return optimist(argv).options(options || {}).argv;","}","","//","// ## run `run([argv])`","//","// Synchronously parses **argv**, or `process.argv` otherwise. If a command is","// present, that command is run. If no command is run, the configured `fallback`","// command is run instead.","//","CommandLoader.prototype.run = run;","function run(argv) {","  var self = this;","  var options = self.parse(argv || (argv = process.argv.slice(2)));","  var command = null;","","  debug('slc.run:', 'argv', argv, 'options', options);","","  if (argv[0] === '-h' || argv[0] === '--help') {","    return self.printUsage('slc');","  } else if (argv[0] === '-v' || argv[0] === '--version' ||","             argv[0] === 'version') { // For backards compatibility with docs","    return require('./version')();","  } else if (!options._.length) {","    return self.printUsage('slc');","  } else {","    // Otherwise, if we've provided our own command, use that.","    command = self.getRun(options._[0]);","","    // Build the new, command-local `argv` and `options`.","    if (command) {","      argv = argv.slice(argv.indexOf(options._[0]) + 1);","      options = self.parse(argv);","    } else if (self.strict) {","      return self.error(","        '\"%s\" is not an slc command. See `slc --help` for more information.',","        options._[0]);","    } else {","      command = self.getRun(self.fallback);","    }","  }","","  assert(command);","","  process.env.SLC_COMMAND = command.command;","  command(argv, options, self);","","  return self;","}","","//","// ## loadCommand `loadCommand(name)`","//","// Synchronously loads the Command module for **name**.","//","// Returns either a Command or null if the command could not be loaded.","//","CommandLoader.prototype.loadCommand = loadCommand;","function loadCommand(name) {","  var self = this;","  var module = null;","  // Try to support slc loopback:model","  var index = name.indexOf(':');","  if (index !== -1) {","    name = name.substring(0, index);","  }","  var command = path.resolve(this.root, String(name));","","  try {","    module = require(command);","  } catch (e) {","    debug('require %s failed with', command, e);","","    if (e && e.code === 'MODULE_NOT_FOUND' &&","        e.message.indexOf(command) !== -1) {","      // In this case, the command was not found. Without the indexOf(), if the","      // command implementation had a buggy require of a module that couldn't be","      // found, it would be handled as if the command wasn't present.","      return null;","    }","","    return self.error('Error loading module \"%s\":\\n', name, e);","  }","","  if (typeof module === 'function' || typeof module.run === 'function') {","    module = {","      name: name,","      run: module.run || module,","      usage: self.loadManual(name)","    };","  }","","  if (!CommandLoader.isCommand(module)) {","    return null;","  }","","  return module;","}","","//","// ## getUsage `getUsage(name)`","//","// Returns the usage information for the **name** Command, represented as a","// String. If **name** cannot be found, returns `null`.","//","CommandLoader.prototype.getUsage = getUsage;","function getUsage(name) {","  var self = this;","  var module = self.loadCommand(name);","","  return module ? module.usage : null;","}","","CommandLoader.prototype.printUsage = printUsage;","function printUsage(name) {","  console.log(this.loadManual(name));","}","","//","// ## getRun `getRun(name)`","//","// Returns the run Function for the **name** Command. If **name** cannot be","// found, returns `null`.","//","CommandLoader.prototype.getRun = getRun;","function getRun(name) {","  var self = this;","  var module = self.loadCommand(name);","","  debug('loadCommand', 'name', name,","    'run?', module && typeof module.run,","    'usage?', module && typeof module.usage);","","  if (module && module.run) {","    module.run.command = module.name;","  }","","  return module ? module.run : null;","}","","//","// ## error `error(format, ...)`","//","// Emits a new error event for user handling, arguments are formatted","// with `util.format()`.","//","CommandLoader.prototype.error = error;","function error() {","  var self = this;","  var message = util.format.apply(null, arguments);","","  self.emit('error', new Error(message));","","  return self;","}","","//","// ## loadManual `loadManual(name)`","//","// Synchronously loads the manual file for **name** if it exists within a","// configured `loader.manuals` folder.","//","// Returns the file's contents if it exists, `null` otherwise.","//","// Files are required to be in UTF-8 format.","//","CommandLoader.prototype.loadManual = loadManual;","function loadManual(name) {","  var self = this;","","  assert(self.manuals);","","  function filename(ext) {","    return path.resolve(self.manuals, name + ext);","  }","","  // Return txt files, if we have them, otherwise man pages (which require","  // massaging on windows).","  try {","    return fs.readFileSync(filename('.txt'), 'utf8');","  } catch (er) {","    /* eslint no-empty:0 */","  }","","  try {","    var usage = fs.readFileSync(filename(''), 'utf8');","","    if (process.platform === 'win32') {","      // Any char, followed by a backspace.","      var boldPair = new RegExp('.\\b', 'g');","      var clean = usage.replace(boldPair, '');","      usage = clean;","    }","    return usage;","  } catch (er) {","    /* eslint no-empty:0 */","  }","","  return null;","}","","module.exports = CommandLoader;",""],"l":{"12":1,"13":1,"14":1,"15":1,"16":1,"17":1,"18":1,"42":1,"43":2,"44":1,"47":1,"49":1,"50":1,"51":1,"52":1,"53":1,"54":1,"56":1,"57":1,"64":1,"65":1,"66":0,"79":1,"80":1,"81":1,"91":1,"92":1,"93":1,"94":1,"95":1,"97":1,"99":1,"100":0,"101":1,"103":0,"104":1,"105":1,"108":0,"111":0,"112":0,"113":0,"114":0,"115":0,"119":0,"123":0,"125":0,"126":0,"128":0,"138":1,"139":1,"140":0,"141":0,"143":0,"144":0,"145":0,"147":0,"149":0,"150":0,"152":0,"154":0,"159":0,"162":0,"165":0,"166":0,"173":0,"174":0,"177":0,"186":1,"187":1,"188":0,"189":0,"191":0,"194":1,"195":1,"196":1,"205":1,"206":1,"207":0,"208":0,"210":0,"214":0,"215":0,"218":0,"227":1,"228":1,"229":0,"230":0,"232":0,"234":0,"247":1,"248":1,"249":1,"251":1,"253":1,"254":1,"259":1,"260":1,"265":0,"266":0,"268":0,"270":0,"271":0,"272":0,"274":0,"279":0,"282":1}},"/home/travis/build/npmtest/node-npmtest-strongloop/node_modules/strongloop/lib/command.js":{"path":"/home/travis/build/npmtest/node-npmtest-strongloop/node_modules/strongloop/lib/command.js","s":{"1":1,"2":11,"3":0,"4":0,"5":0,"6":0,"7":0,"8":0,"9":0,"10":0,"11":0},"b":{},"f":{"1":11,"2":0},"fnMap":{"1":{"name":"Command","line":6,"loc":{"start":{"line":6,"column":17},"end":{"line":6,"column":54}}},"2":{"name":"(anonymous_2)","line":7,"loc":{"start":{"line":7,"column":9},"end":{"line":7,"column":42}}}},"statementMap":{"1":{"start":{"line":6,"column":0},"end":{"line":30,"column":2}},"2":{"start":{"line":7,"column":2},"end":{"line":29,"column":4}},"3":{"start":{"line":8,"column":4},"end":{"line":11,"column":6}},"4":{"start":{"line":13,"column":4},"end":{"line":13,"column":24}},"5":{"start":{"line":14,"column":4},"end":{"line":20,"column":5}},"6":{"start":{"line":15,"column":6},"end":{"line":15,"column":67}},"7":{"start":{"line":17,"column":6},"end":{"line":18,"column":43}},"8":{"start":{"line":19,"column":6},"end":{"line":19,"column":45}},"9":{"start":{"line":23,"column":4},"end":{"line":23,"column":55}},"10":{"start":{"line":27,"column":4},"end":{"line":27,"column":67}},"11":{"start":{"line":28,"column":4},"end":{"line":28,"column":57}}},"branchMap":{},"code":["// Copyright IBM Corp. 2014,2016. All Rights Reserved.","// Node module: strongloop","// This file is licensed under the Artistic License 2.0.","// License text available at https://opensource.org/licenses/Artistic-2.0","","module.exports = function Command(command, npmModule) {","  return function(argv, _options, loader) {","    var options = {","      env: process.env,","      stdio: 'inherit'","    };","","    var resolvedCommand;","    try {","      resolvedCommand = require.resolve(npmModule + '/' + command);","    } catch (er) {","      var msg = 'Error running %s (%s), it may need installation,' +","        ' try `npm update -g strongloop`.';","      loader.error(msg, command, er.message);","    }","","    // Transmit full original command name to children","    options.env.CMD = 'slc ' + process.env.SLC_COMMAND;","","    // Build a new `argv` with full path for command","    // The first argv value should be the path to the node executable","    process.argv = [process.argv[0], resolvedCommand].concat(argv);","    require('module')._load(resolvedCommand, null, true);","  };","};",""],"l":{"6":1,"7":11,"8":0,"13":0,"14":0,"15":0,"17":0,"19":0,"23":0,"27":0,"28":0}},"/home/travis/build/npmtest/node-npmtest-strongloop/node_modules/strongloop/lib/shim.js":{"path":"/home/travis/build/npmtest/node-npmtest-strongloop/node_modules/strongloop/lib/shim.js","s":{"1":1,"2":0,"3":0,"4":0,"5":0,"6":0,"7":0,"8":1},"b":{"1":[0,0]},"f":{"1":0,"2":0,"3":0},"fnMap":{"1":{"name":"shim","line":6,"loc":{"start":{"line":6,"column":0},"end":{"line":6,"column":27}}},"2":{"name":"(anonymous_2)","line":7,"loc":{"start":{"line":7,"column":9},"end":{"line":7,"column":41}}},"3":{"name":"(anonymous_3)","line":9,"loc":{"start":{"line":9,"column":19},"end":{"line":9,"column":33}}}},"statementMap":{"1":{"start":{"line":6,"column":0},"end":{"line":16,"column":1}},"2":{"start":{"line":7,"column":2},"end":{"line":15,"column":4}},"3":{"start":{"line":8,"column":4},"end":{"line":8,"column":39}},"4":{"start":{"line":9,"column":4},"end":{"line":13,"column":7}},"5":{"start":{"line":10,"column":6},"end":{"line":12,"column":7}},"6":{"start":{"line":11,"column":8},"end":{"line":11,"column":26}},"7":{"start":{"line":14,"column":4},"end":{"line":14,"column":69}},"8":{"start":{"line":18,"column":0},"end":{"line":18,"column":22}}},"branchMap":{"1":{"line":10,"type":"if","locations":[{"start":{"line":10,"column":6},"end":{"line":10,"column":6}},{"start":{"line":10,"column":6},"end":{"line":10,"column":6}}]}},"code":["// Copyright IBM 
[...]
ink","fs.symlink();","","*/","","function run(argv, options, loader) {","  debug('argv', argv, 'options', options);","","  if (options.help || options.h) {","    return loader.printUsage('env');","  }","","  var selector = options._; // the argv, stripped of the flags (both -- and -)","","  installPaths(function(er, paths) {","    var execPaths = resolvePaths(paths);","","    execPaths['slc-npm'] = slcNpmPath(execPaths.slc);","    execPaths['node-npm'] = nodeNpmPath(execPaths.node);","","    var env = {","      cwd: process.cwd(),","      paths: {","        link: paths,","        exec: execPaths","      },","      versions: process.versions,","      platform: process.platform,","      config: process.config,","      // redundant with .paths: execPath: process.execPath,","      features: process.features","    };","    try {","      env = selectProperties(selector, env);//XXX argv--> includes options?","    } catch (er) {","      return loader.error(er.message);","    }","    console.log(env);","  });","}","","function selectProperties(properties, obj) {","  var select = properties.shift();","  if (!select) {","    return obj;","  }","  if (obj[select] === undefined) {","    throw Error('No such property: ' + select);","  }","  // Hm, js object literals can't include key names specified as variables?","  var r = {};","  r[select] = selectProperties(properties, obj[select]);","  return r;","}","","// slc npm is in ../slc/node_modules/npm/bin/npm","function slcNpmPath(slcPath) {","  return p.join(slcPath, '../../node_modules/npm/bin/npm');","}","// node npm is beside node","function nodeNpmPath(nodePath) {","  return p.join(nodePath, '../npm');","}","","// return dictionary of install paths for node/npm/slc commands","function installPaths(cb) {","  async.parallel({","    node: asyncPath('node'),","    npm: asyncPath('npm'),","    slc: asyncPath('slc')","  }, cb);","}","","// async compatible wrapper of which()","function asyncPath(exe) {","  return function(cb) {","    which(exe, cb);","  };","}","","// resolve symlinks of all paths to eventual targets","function resolvePaths(paths) {","  var exec = {};","  var originalWd = process.cwd();","  for (var name in paths) {","    process.chdir(originalWd);","    exec[name] = resolveLink(paths[name]);","    process.chdir(originalWd);","  }","  process.chdir(originalWd);","  return exec;","}","","// resolve link to absolute path","function resolveLink(path) {","  var links = readLinkRecursive(path);","  var resolved = p.resolve.apply(null, links);","","  trace('links', links, 'resolves to', resolved);","","  return resolved;","}","","// read link, recursively, return array of links seen up to final path","function readLinkRecursive(path, seen) {","  seen = seen || [];","","  seen.push(p.dirname(path));","","  var next = readLink(path);","","  trace('recur', seen, next);","","  if (!next) {","    seen.push(p.basename(path));","    return seen;","  }","  return readLinkRecursive(next, seen);","}","","// read link, return undefined if not link","function readLink(path) {","  try {","    return fs.readlinkSync(path);","  } catch (er) {","    trace('readlink failed', er);","    return undefined;","  }","}","","module.exports = run;",""],"l":{"10":1,"11":1,"12":1,"13":1,"14":1,"15":1,"33":1,"34":0,"36":0,"37":0,"40":0,"42":0,"43":0,"45":0,"46":0,"48":0,"60":0,"61":0,"63":0,"65":0,"69":1,"70":0,"71":0,"72":0,"74":0,"75":0,"78":0,"79":0,"80":0,"84":1,"85":0,"88":1,"89":0,"93":1,"94":0,"102":1,"103":0,"104":0,"109":1,"110":0,"111":0,"112":0,"113":0,"114":0,"115":0,"117":0,"118":0,"122":1,"123":0,"124":0,"126":0,"128":0,"132":1,"133":0,"135":0,"137":0,"139":0,"141":0,"142":0,"143":0,"145":0,"149":1,"150":0,"151":0,"153":0,"154":0,"158":1}},"/home/travis/build/npmtest/node-npmtest-strongloop/node_modules/strongloop/lib/commands/loopback.js":{"path":"/home/travis/build/npmtest/node-npmtest-strongloop/node_modules/strongloop/lib/commands/loopback.js","s":{"1":1,"2":1,"3":1,"4":1,"5":1,"6":1,"7":0,"8":0,"9":0,"10":1,"11":0,"12":0,"13":0,"14":0,"15":0,"16":0,"17":0,"18":0,"19":0,"20":0,"21":0,"22":0,"23":0,"24":0,"25":0,"26":0,"27":0,"28":0,"29":0,"30":0,"31":0,"32":0,"33":0,"34":0,"35":0,"36":0,"37":0,"38":0,"39":0},"b":{"1":[0,1],"2":[0,0],"3":[0,0],"4":[0,0],"5":[0,0]},"f":{"1":0,"2":0,"3":0,"4":0},"fnMap":{"1":{"name":"loopback","line":22,"loc":{"start":{"line":22,"column":17},"end":{"line":22,"column":58}}},"2":{"name":"(anonymous_2)","line":66,"loc":{"start":{"line":66,"column":60},"end":{"line":66,"column":75}}},"3":{"name":"(anonymous_3)","line":72,"loc":{"start":{"line":72,"column":16},"end":{"line":72,"column":27}}},"4":{"name":"(anonymous_4)","line":76,"loc":{"start":{"line":76,"column":18},"end":{"line":76,"column":32}}}},"statementMap":{"1":{"start":{"line":6,"column":0},"end":{"line":6,"column":27}},"2":{"start":{"line":7,"column":0},"end":{"line":7,"column":27}},"3":{"start":{"line":8,"column":0},"end":{"line":8,"column":45}},"4":{"start":{"line":9,"column":0},"end":{"line":9,"column":48}},"5":{"start":{"line":11,"column":0},"end":{"line":11,"column":33}},"6":{"start":{"line":12,"column":0},"end":{"line":20,"column":1}},"7":{"start":{"line":13,"column":2},"end":{"line":19,"column":3}},"8":{"start":{"line":15,"column":4},"end":{"line":15,"column":73}},"9":{"start":{"line":18,"column":4},"end":{"line":18,"column":41}},"10":{"start":{"line":22,"column":0},"end":{"line":83,"column":2}},"11":{"start":{"line":23,"column":2},"end":{"line":31,"column":5}},"12":{"start":{"line":33,"column":2},"end":{"line":41,"column":3}},"13":{"start":{"line":34,"column":4},"end":{"line":34,"column":40}},"14":{"start":{"line":35,"column":4},"end":{"line":38,"column":5}},"15":{"start":{"line":36,"column":6},"end":{"line":36,"column":59}},"16":{"start":{"line":37,"column":6},"end":{"line":37,"column":47}},"17":{"start":{"line":39,"column":4},"end":{"line":39,"column":26}},"18":{"start":{"line":40,"column":4},"end":{"line":40,"column":11}},"19":{"start":{"line":43,"column":2},"end":{"line":43,"column":35}},"20":{"start":{"line":44,"column":2},"end":{"line":44,"column":43}},"21":{"start":{"line":45,"column":2},"end":{"line":45,"column":21}},"22":{"start":{"line":49,"column":2},"end":{"line":49,"column":35}},"23":{"start":{"line":53,"column":2},"end":{"line":53,"column":78}},"24":{"start":{"line":54,"column":2},"end":{"line":54,"column":26}},"25":{"start":{"line":55,"column":2},"end":{"line":55,"column":42}},"26":{"start":{"line":56,"column":2},"end":{"line":56,"column":22}},"27":{"start":{"line":59,"column":2},"end":{"line":59,"column":15}},"28":{"start":{"line":60,"column":2},"end":{"line":60,"column":46}},"29":{"start":{"line":61,"column":2},"end":{"line":61,"column":21}},"30":{"start":{"line":64,"column":2},"end":{"line":70,"column":3}},"31":{"start":{"line":65,"column":4},"end":{"line":65,"column":51}},"32":{"start":{"line":66,"column":4},"end":{"line":68,"column":19}},"33":{"start":{"line":67,"column":6},"end":{"line":67,"column":46}},"34":{"start":{"line":69,"column":4},"end":{"line":69,"column":11}},"35":{"start":{"line":72,"column":2},"end":{"line":74,"column":5}},"36":{"start":{"line":73,"column":4},"end":{"line":73,"column":51}},"37":{"start":{"line":76,"column":2},"end":{"line":80,"column":5}},"38":{"start":{"line":77,"column":4},"end":{"line":78,"column":44}},"39":{"start":{"line":82,"column":2},"end":{"line":82,"column":22}}},"branchMap":{"1":{"line":12,"type":"if","locations":[{"start":{"line":12,"column":0},"end":{"line":12,"column":0}},{"start":{"line":12,"column":0},"end":{"line":12,"column":0}}]},"2":{"line":33,"type":"if","locations":[{"start":{"line":33,"column":2},"end":{"line":33,"column":2}},{"start":{"line":33,"column":2},"end":{"line":33,"column":2}}]},"3":{"line":35,"type":"if","locations":[{"start":{"line":35,"column":4},"end":{"line":35,"column":4}},{"start":{"line":35,"column":4},"end":{"line":35,"column":4}}]},"4":{"line":64,"type":"if","locations":[{"start":{"line":64,"column":2},"end":{"line":64,"column":2}},{"start":{"line":64,"column":2},"end":{"line":64,"column":2}}]},"5":{"line":78,"type":"cond-expr","locations":[{"start":{"line":78,"column":19},"end":{"line":78,"column":28}},{"start":{"line":78,"column":31},"end":{"line":78,"column":42}}]}},"code":["// Copyright IBM Corp. 2014,2015. All Rights Reserved.","// Node module: strongloop","// This file is licensed under the Artistic License 2.0.","// License text available at https://opensource.org/licenses/Artistic-2.0","","var nopt = require('nopt');","var path = require('path');","var debug = require('debug')('slc:loopback');","var lbGenerator = require('generator-loopback');","","var yeoman = lbGenerator._yeoman; // generator-loopback should export _yeoman","if (!yeoman) {","  try {","    // Try to use the yeoman-generator from generator-loopback module","    yeoman = require('generator-loopback/node_modules/yeoman-generator');","  } catch (err) {","    // Fall back the peer/parent dep","    yeoman = require('yeoman-generator');","  }","}","","module.exports = function loopback(argv, options, loader) {","  var opts = nopt({","    help: Boolean,","    version: Boolean,","    generators: Boolean","  }, {","    h: '--help',","    v: '--version',","    l: '--generators'","  });","","  if (opts.version) {","    var _package = lbGenerator._package;","    if (!_package) {","      var pkg = require('generator-loopback/package.json');","      _package = pkg.name + ': ' + pkg.version;","    }","    console.log(_package);","    return;","  }","","  var args = process.argv.slice(2);","  debug('invoking slc %s', args.join(' '));","  var env = yeoman();","","  // Make sure slc loopback is delegated to slc loopback:app (the default","  // subgenerator)","  env.alias(/^([^:]+)$/, '$1:app');","","  // Change the working directory to the generator-loopback module so that","  // yoeman can discover the generators","  var root = path.dirname(require.resolve('generator-loopback/package.json'));","  var cwd = process.cwd();","  debug('changing directory to %s', root);","  process.chdir(root);","","  // lookup for every namespaces, within the environments.paths and lookups","  env.lookup();","  debug('changing directory back to %s', cwd);","  process.chdir(cwd); // Switch back","","  // list generators","  if (opts.generators) {","    console.log('Available loopback generators: ');","    console.log(Object.keys(env.getGeneratorsMeta()).filter(function(name) {","      return name.indexOf('loopback:') !== -1;","    }).join('\\n'));","    return;","  }","","  env.on('end', function() {","    console.log('Done running loopback generator');","  });","","  env.on('error', function(err) {","    loader.error('Error', 'slc ' + args.join(' '), '\\n',","      opts.debug ? err.stack : err.message);","    // process.exit(err.code || 1);","  });","","  env.run(args, opts);","};",""],"l":{"6":1,"7":1,"8":1,"9":1,"11":1,"12":1,"13":0,"15":0,"18":0,"22":1,"23":0,"33":0,"34":0,"35":0,"36":0,"37":0,"39":0,"40":0,"43":0,"44":0,"45":0,"49":0,"53":0,"54":0,"55":0,"56":0,"59":0,"60":0,"61":0,"64":0,"65":0,"66":0,"67":0,"69":0,"72":0,"73":0,"76":0,"77":0,"82":0}},"/home/travis/build/npmtest/node-npmtest-strongloop/node_modules/strongloop/lib/commands/pmctl.js":{"path":"/home/travis/build/npmtest/node-npmtest-strongloop/node_modules/strongloop/lib/commands/pmctl.js","s":{"1":1},"b":{},"f":{},"fnMap":{},"statementMap":{"1":{"start":{"line":6,"column":0},"end":{"line":6,"column":68}}},"branchMap":{},"code":["// Copyright IBM Corp. 2014. All Rights Reserved.","// Node module: strongloop","// This file is licensed under the Artistic License 2.0.","// License text available at https://opensource.org/licenses/Artistic-2.0","","module.exports = require('../command')('bin/sl-pmctl', 'strong-pm');",""],"l":{"6":1}},"/home/travis/build/npmtest/node-npmtest-strongloop/node_modules/strongloop/lib/commands/pm-install.js":{"path":"/home/travis/build/npmtest/node-npmtest-strongloop/node_modules/strongloop/lib/commands/pm-install.js","s":{"1":1},"b":{},"f":{},"fnMap":{},"statementMap":{"1":{"start":{"line":6,"column":0},"end":{"line":6,"column":73}}},"branchMap":{},"code":["// Copyright IBM Corp. 2014. All Rights Reserved.","// Node module: strongloop","// This file is licensed under the Artistic License 2.0.","// License text available at https://opensource.org/licenses/Artistic-2.0","","module.exports = require('../command')('bin/sl-pm-install', 'strong-pm');",""],"l":{"6":1}},"/home/travis/build/npmtest/node-npmtest-strongloop/node_modules/strongloop/lib/commands/pm.js":{"path":"/home/travis/build/npmtest/node-npmtest-strongloop/node_modules/strongloop/lib/commands/pm.js","s":{"1":1},"b":{},"f":{},"fnMap":{},"statementMap":{"1":{"start":{"line":6,"column":0},"end":{"line":6,"column":65}}},"branchMap":{},"code":["// Copyright IBM Corp. 2014. All Rights Reserved.","// Node module: strongloop","// This file is licensed under the Artistic License 2.0.","// License text available at https://opensource.org/licenses/Artistic-2.0","","module.exports = require('../command')('bin/sl-pm', 'strong-pm');",""],"l":{"6":1}},"/home/travis/build/npmtest/node-npmtest-strongloop/node_modules/strongloop/lib/commands/registry.js":{"path":"/home/travis/build/npmtest/node-npmtest-strongloop/node_modules/strongloop/lib/commands/registry.js","s":{"1":1},"b":{},"f":{},"fnMap":{},"statementMap":{"1":{"start":{"line":6,"column":0},"end":{"line":6,"column":77}}},"branchMap":{},"code":["// Copyright IBM Corp. 2014,2015. All Rights Reserved.","// Node module: strongloop","// This file is licensed under the Artistic License 2.0.","// License text available at https://opensource.org/licenses/Artistic-2.0","","module.exports = require('../command')('bin/sl-registry', 'strong-registry');",""],"l":{"6":1}},"/home/travis/build/npmtest/node-npmtest-strongloop/node_modules/strongloop/lib/commands/runctl.js":{"path":"/home/travis/build/npmtest/node-npmtest-strongloop/node_modules/strongloop/lib/commands/runctl.js","s":{"1":1},"b":{},"f":{},"fnMap":{},"statementMap":{"1":{"start":{"line":6,"column":0},"end":{"line":6,"column":77}}},"branchMap":{},"code":["// Copyright IBM Corp. 2014. All Rights Reserved.","// Node module: strongloop","// This file is licensed under the Artistic License 2.0.","// License text available at https://opensource.org/licenses/Artistic-2.0","","module.exports = require('../command')('bin/sl-runctl', 'strong-supervisor');",""],"l":{"6":1}},"/home/travis/build/npmtest/node-npmtest-strongloop/node_modules/strongloop/lib/commands/run.js":{"path":"/home/travis/build/npmtest/node-npmtest-strongloop/node_modules/strongloop/lib/commands/run.js","s":{"1":1},"b":{},"f":{},"fnMap":{},"statementMap":{"1":{"start":{"line":6,"column":0},"end":{"line":6,"column":74}}},"branchMap":{},"code":["// Copyright IBM Corp. 2013,2014. All Rights Reserved.","// Node module: strongloop","// This file is licensed under the Artistic License 2.0.","// License text available at https://opensource.org/licenses/Artistic-2.0","","module.exports = require('../command')('bin/sl-run', 'strong-supervisor');",""],"l":{"6":1}},"/home/travis/build/npmtest/node-npmtest-strongloop/node_modules/strongloop/lib/commands/start.js":{"path":"/home/travis/build/npmtest/node-npmtest-strongloop/node_modules/strongloop/lib/commands/start.js","s":{"1":1},"b":{},"f":{},"fnMap":{},"statementMap":{"1":{"start":{"line":6,"column":0},"end":{"line":6,"column":71}}},"branchMap":{},"code":["// Copyright IBM Corp. 2015. All Rights Reserved.","// Node module: strongloop","// This file is licensed under the Artistic License 2.0.","// License text available at https://opensource.org/licenses/Artistic-2.0","","module.exports = require('../command')('bin/sl-start', 'strong-start');",""],"l":{"6":1}},"/home/travis/build/npmtest/node-npmtest-strongloop/node_modules/strongloop/lib/commands/update.js":{"path":"/home/travis/build/npmtest/node-npmtest-strongloop/node_modules/strongloop/lib/commands/update.js","s":{"1":1,"2":1,"3":1,"4":1,"5":0,"6":0,"7":0,"8":0,"9":1,"10":0,"11":0,"12":1,"13":0,"14":0,"15":0,"16":0,"17":0,"18":0,"19":0},"b":{"1":[0,0],"2":[0,0],"3":[0,0],"4":[0,0]},"f":{"1":0,"2":0,"3":0,"4":0,"5":0},"fnMap":{"1":{"name":"(anonymous_1)","line":11,"loc":{"start":{"line":11,"column":17},"end":{"line":11,"column":49}}},"2":{"name":"install","line":20,"loc":{"start":{"line":20,"column":2},"end":{"line":20,"column":35}}},"3":{"name":"checkVersions","line":26,"loc":{"start":{"line":26,"column":2},"end":{"line":26,"column":27}}},"4":{"name":"(anonymous_4)","line":27,"loc":{"start":{"line":27,"column":26},"end":{"line":27,"column":56}}},"5":{"name":"(anonymous_5)","line":31,"loc":{"start":{"line":31,"column":26},"end":{"line":31,"column":56}}}},"statementMap":{"1":{"start":{"line":6,"column":0},"end":{"line":6,"column":41}},"2":{"start":{"line":8,"column":0},"end":{"line":8,"column":44}},"3":{"start":{"line":9,"column":0},"end":{"line":9,"column":30}},"4":{"start":{"line":11,"column":0},"end":{"line":39,"column":2}},"5":{"start":{"line":12,"column":2},"end":{"line":14,"column":3}},"6":{"start":{"line":13,"column":4},"end":{"line":13,"column":39}},"7":{"start":{"line":16,"column":2},"end":{"line":16,"column":66}},"8":{"start":{"line":18,"column":2},"end":{"line":18,"column":18}},"9":{"start":{"line":20,"column":2},"end":{"line":24,"column":3}},"10":{"start":{"line":21,"column":4},"end":{"line":21,"column":70}},"11":{"start":{"line":23,"column":4},"end":{"line":23,"column":53}},"12":{"start":{"line":26,"column":2},"end":{"line":38,"column":3}},"13":{"start":{"line":27,"column":4},"end":{"line":37,"column":7}},"14":{"start":{"line":28,"column":6},"end":{"line":30,"column":7}},"15":{"start":{"line":29,"column":8},"end":{"line":29,"column":36}},"16":{"start":{"line":31,"column":6},"end":{"line":36,"column":9}},"17":{"start":{"line":32,"column":8},"end":{"line":34,"column":9}},"18":{"start":{"line":33,"column":10},"end":{"line":33,"column":38}},"19":{"start":{"line":35,"column":8},"end":{"line":35,"column":47}}},"branchMap":{"1":{"line":12,"type":"if","locations":[{"start":{"line":12,"column":2},"end":{"line":12,"column":2}},{"start":{"line":12,"column":2},"end":{"line":12,"column":2}}]},"2":{"line":12,"type":"binary-expr","locations":[{"start":{"line":12,"column":6},"end":{"line":12,"column":18}},{"start":{"line":12,"column":22},"end":{"line":12,"column":31}}]},"3":{"line":28,"type":"if","locations":[{"start":{"line":28,"column":6},"end":{"line":28,"column":6}},{"start":{"line":28,"column":6},"end":{"line":28,"column":6}}]},"4":{"line":32,"type":"if","locations":[{"start":{"line":32,"column":8},"end":{"line":32,"column":8}},{"start":{"line":32,"column":8},"end":{"line":32,"column":8}}]}},"code":["// Copyright IBM Corp. 2014,2015. All Rights Reserved.","// Node module: strongloop","// This file is licensed under the Artistic License 2.0.","// License text available at https://opensource.org/licenses/Artistic-2.0","","var exec = require('child_process').exec;","","var PACKAGE = require('../../package.json');","var VERSION = PACKAGE.version;","","module.exports = function(argv, options, loader) {","  if (options.help || options.h) {","    return loader.printUsage('update');","  }","","  console.log('strongloop at %s; trying self-update...', VERSION);","","  checkVersions();","","  function install(name, callback) {","    console.log('npm install -g %s; this may take a moment...', name);","","    exec('npm -q install -X f -g ' + name, callback);","  }","","  function checkVersions() {","    install('strongloop', function(err, stdout, stderr) {","      if (err) {","        return loader.error(stderr);","      }","      exec('slc version', function(err, stdout, stderr) {","        if (err) {","          return loader.error(stderr);","        }","        console.log('Updated to:\\n%s', stdout);","      });","    });","  }","};",""],"l":{"6":1,"8":1,"9":1,"11":1,"12":0,"13":0,"16":0,"18":0,"20":1,"21":0,"23":0,"26":1,"27":0,"28":0,"29":0,"31":0,"32":0,"33":0,"35":0}}}